2021-10-30 22:29:08,206 [ModalContext] INFO  o.e.m.c.i.e.AbstractTransferListenerAdapter - Downloading https://repo.maven.apache.org/maven2/org/apache/maven/archetypes/maven-archetype-quickstart/1.1/maven-archetype-quickstart-1.1.jar
2021-10-30 22:29:08,510 [ModalContext] INFO  o.e.m.c.i.e.AbstractTransferListenerAdapter - Downloaded https://repo.maven.apache.org/maven2/org/apache/maven/archetypes/maven-archetype-quickstart/1.1/maven-archetype-quickstart-1.1.jar
2021-10-30 22:29:08,790 [ModalContext] INFO  o.e.m.c.i.e.AbstractTransferListenerAdapter - Downloading https://repo.maven.apache.org/maven2/org/apache/maven/archetypes/maven-archetype-quickstart/1.1/maven-archetype-quickstart-1.1.pom
2021-10-30 22:29:09,069 [ModalContext] INFO  o.e.m.c.i.e.AbstractTransferListenerAdapter - Downloaded https://repo.maven.apache.org/maven2/org/apache/maven/archetypes/maven-archetype-quickstart/1.1/maven-archetype-quickstart-1.1.pom
2021-10-30 22:31:49,718 [Worker-23] INFO  o.e.m.c.i.l.LifecycleMappingFactory - Using org.eclipse.m2e.jdt.JarLifecycleMapping lifecycle mapping for MavenProject: SeleniumCode:SeleniumCode:0.0.1-SNAPSHOT @ D:\SQA Projects\AnyDo_Web\SeleniumCode\pom.xml.
2021-10-30 22:31:50,653 [Worker-23] INFO  o.e.m.j.i.AbstractJavaProjectConfigurator - Adding source folder /SeleniumCode/src/main/java
2021-10-30 22:31:50,655 [Worker-23] INFO  o.e.m.j.i.AbstractJavaProjectConfigurator - Adding resource folder /SeleniumCode/src/main/resources
2021-10-30 22:31:50,656 [Worker-23] INFO  o.e.m.j.i.AbstractJavaProjectConfigurator - Adding source folder /SeleniumCode/src/test/java
2021-10-30 22:31:50,656 [Worker-23] INFO  o.e.m.j.i.AbstractJavaProjectConfigurator - Adding resource folder /SeleniumCode/src/test/resources
2021-10-30 22:31:51,128 [Worker-22] WARN  o.e.m.c.i.embedder.EclipseLogger - Using platform encoding (Cp1252 actually) to copy filtered resources, i.e. build is platform dependent!
2021-10-30 22:31:51,137 [Worker-22] INFO  o.e.m.c.i.embedder.EclipseLogger - Copying 0 resource
2021-10-30 22:31:51,142 [Worker-22] WARN  o.e.m.c.i.embedder.EclipseLogger - Using platform encoding (Cp1252 actually) to copy filtered resources, i.e. build is platform dependent!
2021-10-30 22:31:51,143 [Worker-22] INFO  o.e.m.c.i.embedder.EclipseLogger - Copying 0 resource
2021-10-30 22:58:36,793 [Worker-33] WARN  o.e.m.c.i.embedder.EclipseLogger - Using platform encoding (Cp1252 actually) to copy filtered resources, i.e. build is platform dependent!
2021-10-30 22:58:36,809 [Worker-33] INFO  o.e.m.c.i.embedder.EclipseLogger - Copying 0 resource
2021-10-30 22:58:36,813 [Worker-33] WARN  o.e.m.c.i.embedder.EclipseLogger - Using platform encoding (Cp1252 actually) to copy filtered resources, i.e. build is platform dependent!
2021-10-30 22:58:36,814 [Worker-33] INFO  o.e.m.c.i.embedder.EclipseLogger - Copying 0 resource
2021-10-30 23:01:11,283 [Worker-37] INFO  o.e.m.c.i.l.LifecycleMappingFactory - Using org.eclipse.m2e.jdt.JarLifecycleMapping lifecycle mapping for MavenProject: SeleniumCode:SeleniumCode:0.0.1-SNAPSHOT @ D:\SQA Projects\AnyDo_Web\SeleniumCode\pom.xml.
2021-10-30 23:01:11,853 [Worker-37] WARN  o.e.m.c.i.embedder.EclipseLogger - Using platform encoding (Cp1252 actually) to copy filtered resources, i.e. build is platform dependent!
2021-10-30 23:01:11,857 [Worker-37] INFO  o.e.m.c.i.embedder.EclipseLogger - Copying 0 resource
2021-10-30 23:01:11,860 [Worker-37] WARN  o.e.m.c.i.embedder.EclipseLogger - Using platform encoding (Cp1252 actually) to copy filtered resources, i.e. build is platform dependent!
2021-10-30 23:01:11,862 [Worker-37] INFO  o.e.m.c.i.embedder.EclipseLogger - Copying 0 resource
2021-10-30 23:01:13,512 [Worker-37] WARN  o.e.m.c.i.embedder.EclipseLogger - Using platform encoding (Cp1252 actually) to copy filtered resources, i.e. build is platform dependent!
2021-10-30 23:01:13,513 [Worker-37] INFO  o.e.m.c.i.embedder.EclipseLogger - Copying 0 resource
2021-10-30 23:01:13,515 [Worker-37] WARN  o.e.m.c.i.embedder.EclipseLogger - Using platform encoding (Cp1252 actually) to copy filtered resources, i.e. build is platform dependent!
2021-10-30 23:01:13,516 [Worker-37] INFO  o.e.m.c.i.embedder.EclipseLogger - Copying 0 resource
2021-10-30 23:02:57,934 [Worker-35] INFO  o.e.m.c.i.l.LifecycleMappingFactory - Using org.eclipse.m2e.jdt.JarLifecycleMapping lifecycle mapping for MavenProject: SeleniumCode:SeleniumCode:0.0.1-SNAPSHOT @ D:\SQA Projects\AnyDo_Web\SeleniumCode\pom.xml.
2021-10-30 23:03:00,126 [Worker-35] INFO  o.e.m.c.i.e.AbstractTransferListenerAdapter - Downloading https://repo.maven.apache.org/maven2/com/google/guava/guava/31.0.1-jre/guava-31.0.1-jre.jar
2021-10-30 23:03:05,728 [Worker-35] INFO  o.e.m.c.i.e.AbstractTransferListenerAdapter - Downloaded https://repo.maven.apache.org/maven2/com/google/guava/guava/31.0.1-jre/guava-31.0.1-jre.jar
2021-10-30 23:03:05,987 [Worker-35] INFO  o.e.m.c.i.e.AbstractTransferListenerAdapter - Downloading https://repo.maven.apache.org/maven2/org/checkerframework/checker-qual/3.12.0/checker-qual-3.12.0.jar
2021-10-30 23:03:06,352 [Worker-35] INFO  o.e.m.c.i.e.AbstractTransferListenerAdapter - Downloaded https://repo.maven.apache.org/maven2/org/checkerframework/checker-qual/3.12.0/checker-qual-3.12.0.jar
2021-10-30 23:03:06,615 [Worker-35] INFO  o.e.m.c.i.e.AbstractTransferListenerAdapter - Downloading https://repo.maven.apache.org/maven2/com/google/errorprone/error_prone_annotations/2.7.1/error_prone_annotations-2.7.1.jar
2021-10-30 23:03:06,886 [Worker-35] INFO  o.e.m.c.i.e.AbstractTransferListenerAdapter - Downloaded https://repo.maven.apache.org/maven2/com/google/errorprone/error_prone_annotations/2.7.1/error_prone_annotations-2.7.1.jar
2021-10-30 23:03:07,957 [Worker-35] WARN  o.e.m.c.i.embedder.EclipseLogger - Using platform encoding (Cp1252 actually) to copy filtered resources, i.e. build is platform dependent!
2021-10-30 23:03:07,960 [Worker-35] INFO  o.e.m.c.i.embedder.EclipseLogger - Copying 0 resource
2021-10-30 23:03:07,962 [Worker-35] WARN  o.e.m.c.i.embedder.EclipseLogger - Using platform encoding (Cp1252 actually) to copy filtered resources, i.e. build is platform dependent!
2021-10-30 23:03:07,963 [Worker-35] INFO  o.e.m.c.i.embedder.EclipseLogger - Copying 0 resource
2021-10-30 23:03:10,094 [Worker-35] WARN  o.e.m.c.i.embedder.EclipseLogger - Using platform encoding (Cp1252 actually) to copy filtered resources, i.e. build is platform dependent!
2021-10-30 23:03:10,096 [Worker-35] INFO  o.e.m.c.i.embedder.EclipseLogger - Copying 0 resource
2021-10-30 23:03:10,097 [Worker-35] WARN  o.e.m.c.i.embedder.EclipseLogger - Using platform encoding (Cp1252 actually) to copy filtered resources, i.e. build is platform dependent!
2021-10-30 23:03:10,099 [Worker-35] INFO  o.e.m.c.i.embedder.EclipseLogger - Copying 0 resource
2021-10-30 23:05:07,764 [Worker-31] INFO  o.e.m.c.i.l.LifecycleMappingFactory - Using org.eclipse.m2e.jdt.JarLifecycleMapping lifecycle mapping for MavenProject: SeleniumCode:SeleniumCode:0.0.1-SNAPSHOT @ D:\SQA Projects\AnyDo_Web\SeleniumCode\pom.xml.
2021-10-30 23:05:09,091 [Worker-31] WARN  o.e.m.c.i.embedder.EclipseLogger - Using platform encoding (Cp1252 actually) to copy filtered resources, i.e. build is platform dependent!
2021-10-30 23:05:09,094 [Worker-31] INFO  o.e.m.c.i.embedder.EclipseLogger - Copying 0 resource
2021-10-30 23:05:09,097 [Worker-31] WARN  o.e.m.c.i.embedder.EclipseLogger - Using platform encoding (Cp1252 actually) to copy filtered resources, i.e. build is platform dependent!
2021-10-30 23:05:09,098 [Worker-31] INFO  o.e.m.c.i.embedder.EclipseLogger - Copying 0 resource
2021-10-30 23:05:11,376 [Worker-35] WARN  o.e.m.c.i.embedder.EclipseLogger - Using platform encoding (Cp1252 actually) to copy filtered resources, i.e. build is platform dependent!
2021-10-30 23:05:11,377 [Worker-35] INFO  o.e.m.c.i.embedder.EclipseLogger - Copying 0 resource
2021-10-30 23:05:11,379 [Worker-35] WARN  o.e.m.c.i.embedder.EclipseLogger - Using platform encoding (Cp1252 actually) to copy filtered resources, i.e. build is platform dependent!
2021-10-30 23:05:11,381 [Worker-35] INFO  o.e.m.c.i.embedder.EclipseLogger - Copying 0 resource
2021-10-30 23:06:43,509 [Worker-39] WARN  o.e.m.c.i.embedder.EclipseLogger - Using platform encoding (Cp1252 actually) to copy filtered resources, i.e. build is platform dependent!
2021-10-30 23:06:43,511 [Worker-39] INFO  o.e.m.c.i.embedder.EclipseLogger - Copying 0 resource
2021-10-30 23:06:43,513 [Worker-39] WARN  o.e.m.c.i.embedder.EclipseLogger - Using platform encoding (Cp1252 actually) to copy filtered resources, i.e. build is platform dependent!
2021-10-30 23:06:43,515 [Worker-39] INFO  o.e.m.c.i.embedder.EclipseLogger - Copying 0 resource
2021-10-30 23:07:50,745 [Worker-33] WARN  o.e.m.c.i.embedder.EclipseLogger - Using platform encoding (Cp1252 actually) to copy filtered resources, i.e. build is platform dependent!
2021-10-30 23:07:50,746 [Worker-33] INFO  o.e.m.c.i.embedder.EclipseLogger - Copying 0 resource
2021-10-30 23:07:50,748 [Worker-33] WARN  o.e.m.c.i.embedder.EclipseLogger - Using platform encoding (Cp1252 actually) to copy filtered resources, i.e. build is platform dependent!
2021-10-30 23:07:50,750 [Worker-33] INFO  o.e.m.c.i.embedder.EclipseLogger - Copying 0 resource
2021-10-30 23:07:51,871 [Worker-41] WARN  o.e.m.c.i.embedder.EclipseLogger - Using platform encoding (Cp1252 actually) to copy filtered resources, i.e. build is platform dependent!
2021-10-30 23:07:51,872 [Worker-41] INFO  o.e.m.c.i.embedder.EclipseLogger - Copying 0 resource
2021-10-30 23:07:51,890 [Worker-41] WARN  o.e.m.c.i.embedder.EclipseLogger - Using platform encoding (Cp1252 actually) to copy filtered resources, i.e. build is platform dependent!
2021-10-30 23:07:51,891 [Worker-41] INFO  o.e.m.c.i.embedder.EclipseLogger - Copying 0 resource
2021-10-30 23:13:35,000 [Worker-44] WARN  o.e.m.c.i.embedder.EclipseLogger - Using platform encoding (Cp1252 actually) to copy filtered resources, i.e. build is platform dependent!
2021-10-30 23:13:35,002 [Worker-44] INFO  o.e.m.c.i.embedder.EclipseLogger - Copying 0 resource
2021-10-30 23:13:35,004 [Worker-44] WARN  o.e.m.c.i.embedder.EclipseLogger - Using platform encoding (Cp1252 actually) to copy filtered resources, i.e. build is platform dependent!
2021-10-30 23:13:35,006 [Worker-44] INFO  o.e.m.c.i.embedder.EclipseLogger - Copying 0 resource
2021-10-30 23:16:09,246 [Worker-41] WARN  o.e.m.c.i.embedder.EclipseLogger - Using platform encoding (Cp1252 actually) to copy filtered resources, i.e. build is platform dependent!
2021-10-30 23:16:09,248 [Worker-41] INFO  o.e.m.c.i.embedder.EclipseLogger - Copying 0 resource
2021-10-30 23:16:09,250 [Worker-41] WARN  o.e.m.c.i.embedder.EclipseLogger - Using platform encoding (Cp1252 actually) to copy filtered resources, i.e. build is platform dependent!
2021-10-30 23:16:09,251 [Worker-41] INFO  o.e.m.c.i.embedder.EclipseLogger - Copying 0 resource
2021-10-30 23:29:44,093 [Worker-41] WARN  o.e.m.c.i.embedder.EclipseLogger - Using platform encoding (Cp1252 actually) to copy filtered resources, i.e. build is platform dependent!
2021-10-30 23:29:44,094 [Worker-41] INFO  o.e.m.c.i.embedder.EclipseLogger - Copying 0 resource
2021-10-30 23:29:44,097 [Worker-41] WARN  o.e.m.c.i.embedder.EclipseLogger - Using platform encoding (Cp1252 actually) to copy filtered resources, i.e. build is platform dependent!
2021-10-30 23:29:44,098 [Worker-41] INFO  o.e.m.c.i.embedder.EclipseLogger - Copying 0 resource
2021-10-30 23:31:36,226 [Worker-51] WARN  o.e.m.c.i.embedder.EclipseLogger - Using platform encoding (Cp1252 actually) to copy filtered resources, i.e. build is platform dependent!
2021-10-30 23:31:36,227 [Worker-51] INFO  o.e.m.c.i.embedder.EclipseLogger - Copying 0 resource
2021-10-30 23:31:36,228 [Worker-51] WARN  o.e.m.c.i.embedder.EclipseLogger - Using platform encoding (Cp1252 actually) to copy filtered resources, i.e. build is platform dependent!
2021-10-30 23:31:36,229 [Worker-51] INFO  o.e.m.c.i.embedder.EclipseLogger - Copying 0 resource
2021-10-30 23:33:27,217 [Worker-49] WARN  o.e.m.c.i.embedder.EclipseLogger - Using platform encoding (Cp1252 actually) to copy filtered resources, i.e. build is platform dependent!
2021-10-30 23:33:27,218 [Worker-49] INFO  o.e.m.c.i.embedder.EclipseLogger - Copying 0 resource
2021-10-30 23:33:27,219 [Worker-49] WARN  o.e.m.c.i.embedder.EclipseLogger - Using platform encoding (Cp1252 actually) to copy filtered resources, i.e. build is platform dependent!
2021-10-30 23:33:27,220 [Worker-49] INFO  o.e.m.c.i.embedder.EclipseLogger - Copying 0 resource
2021-10-30 23:34:08,914 [Worker-53] WARN  o.e.m.c.i.embedder.EclipseLogger - Using platform encoding (Cp1252 actually) to copy filtered resources, i.e. build is platform dependent!
2021-10-30 23:34:08,915 [Worker-53] INFO  o.e.m.c.i.embedder.EclipseLogger - Copying 0 resource
2021-10-30 23:34:08,919 [Worker-53] WARN  o.e.m.c.i.embedder.EclipseLogger - Using platform encoding (Cp1252 actually) to copy filtered resources, i.e. build is platform dependent!
2021-10-30 23:34:08,920 [Worker-53] INFO  o.e.m.c.i.embedder.EclipseLogger - Copying 0 resource
2021-10-30 23:39:38,453 [Worker-52] WARN  o.e.m.c.i.embedder.EclipseLogger - Using platform encoding (Cp1252 actually) to copy filtered resources, i.e. build is platform dependent!
2021-10-30 23:39:38,454 [Worker-52] INFO  o.e.m.c.i.embedder.EclipseLogger - Copying 0 resource
2021-10-30 23:39:38,456 [Worker-52] WARN  o.e.m.c.i.embedder.EclipseLogger - Using platform encoding (Cp1252 actually) to copy filtered resources, i.e. build is platform dependent!
2021-10-30 23:39:38,457 [Worker-52] INFO  o.e.m.c.i.embedder.EclipseLogger - Copying 0 resource
2021-10-30 23:44:05,390 [Worker-54] WARN  o.e.m.c.i.embedder.EclipseLogger - Using platform encoding (Cp1252 actually) to copy filtered resources, i.e. build is platform dependent!
2021-10-30 23:44:05,391 [Worker-54] INFO  o.e.m.c.i.embedder.EclipseLogger - Copying 0 resource
2021-10-30 23:44:05,393 [Worker-54] WARN  o.e.m.c.i.embedder.EclipseLogger - Using platform encoding (Cp1252 actually) to copy filtered resources, i.e. build is platform dependent!
2021-10-30 23:44:05,395 [Worker-54] INFO  o.e.m.c.i.embedder.EclipseLogger - Copying 0 resource
2021-10-30 23:45:24,472 [Worker-51] WARN  o.e.m.c.i.embedder.EclipseLogger - Using platform encoding (Cp1252 actually) to copy filtered resources, i.e. build is platform dependent!
2021-10-30 23:45:24,473 [Worker-51] INFO  o.e.m.c.i.embedder.EclipseLogger - Copying 0 resource
2021-10-30 23:45:24,475 [Worker-51] WARN  o.e.m.c.i.embedder.EclipseLogger - Using platform encoding (Cp1252 actually) to copy filtered resources, i.e. build is platform dependent!
2021-10-30 23:45:24,476 [Worker-51] INFO  o.e.m.c.i.embedder.EclipseLogger - Copying 0 resource
2021-10-30 23:55:00,535 [Worker-62] WARN  o.e.r.models.ModelRepository - Failed to download org.eclipse.recommenders:index::zip:0.0.0
org.eclipse.aether.resolution.ArtifactResolutionException: Could not find artifact org.eclipse.recommenders:index:zip:0.0.0-SNAPSHOT in models (http://download.eclipse.org/recommenders/models/neon/)
	at org.eclipse.aether.internal.impl.DefaultArtifactResolver.resolve(DefaultArtifactResolver.java:444) ~[na:na]
	at org.eclipse.aether.internal.impl.DefaultArtifactResolver.resolveArtifacts(DefaultArtifactResolver.java:246) ~[na:na]
	at org.eclipse.aether.internal.impl.DefaultArtifactResolver.resolveArtifact(DefaultArtifactResolver.java:223) ~[na:na]
	at org.eclipse.aether.internal.impl.DefaultRepositorySystem.resolveArtifact(DefaultRepositorySystem.java:294) ~[na:na]
	at org.eclipse.recommenders.models.ModelRepository.resolveInternal(ModelRepository.java:193) [org.eclipse.recommenders.models_2.4.6.v20170307-1041.jar:na]
	at org.eclipse.recommenders.models.ModelRepository.resolve(ModelRepository.java:172) [org.eclipse.recommenders.models_2.4.6.v20170307-1041.jar:na]
	at org.eclipse.recommenders.internal.models.rcp.EclipseModelRepository.resolve(EclipseModelRepository.java:169) [org.eclipse.recommenders.models.rcp_2.4.6.v20170307-1041.jar:na]
	at org.eclipse.recommenders.internal.models.rcp.DownloadModelArchiveJob.run(DownloadModelArchiveJob.java:76) [org.eclipse.recommenders.models.rcp_2.4.6.v20170307-1041.jar:na]
	at org.eclipse.core.internal.jobs.Worker.run(Worker.java:55) [org.eclipse.core.jobs_3.8.0.v20160509-0411.jar:na]
Caused by: org.eclipse.aether.transfer.ArtifactNotFoundException: Could not find artifact org.eclipse.recommenders:index:zip:0.0.0-SNAPSHOT in models (http://download.eclipse.org/recommenders/models/neon/)
	at org.eclipse.aether.connector.basic.ArtifactTransportListener.transferFailed(ArtifactTransportListener.java:39) ~[org.eclipse.aether.connector.basic_1.0.1.v20141111.jar:na]
	at org.eclipse.aether.connector.basic.BasicRepositoryConnector$TaskRunner.run(BasicRepositoryConnector.java:355) ~[org.eclipse.aether.connector.basic_1.0.1.v20141111.jar:na]
	at org.eclipse.aether.util.concurrency.RunnableErrorForwarder$1.run(RunnableErrorForwarder.java:67) ~[na:na]
	at org.eclipse.aether.connector.basic.BasicRepositoryConnector$DirectExecutor.execute(BasicRepositoryConnector.java:581) ~[org.eclipse.aether.connector.basic_1.0.1.v20141111.jar:na]
	at org.eclipse.aether.connector.basic.BasicRepositoryConnector.get(BasicRepositoryConnector.java:249) ~[org.eclipse.aether.connector.basic_1.0.1.v20141111.jar:na]
	at org.eclipse.aether.internal.impl.DefaultArtifactResolver.performDownloads(DefaultArtifactResolver.java:520) ~[na:na]
	at org.eclipse.aether.internal.impl.DefaultArtifactResolver.resolve(DefaultArtifactResolver.java:421) ~[na:na]
	... 8 common frames omitted
2021-10-31 00:02:08,396 [Worker-62] INFO  o.e.m.c.i.l.LifecycleMappingFactory - Using org.eclipse.m2e.jdt.JarLifecycleMapping lifecycle mapping for MavenProject: SeleniumCode:SeleniumCode:0.0.1-SNAPSHOT @ D:\SQA Projects\AnyDo_Web\SeleniumCode\pom.xml.
2021-10-31 00:02:09,652 [Worker-62] WARN  o.e.m.c.i.embedder.EclipseLogger - Using platform encoding (Cp1252 actually) to copy filtered resources, i.e. build is platform dependent!
2021-10-31 00:02:09,654 [Worker-62] INFO  o.e.m.c.i.embedder.EclipseLogger - Copying 0 resource
2021-10-31 00:02:09,656 [Worker-62] WARN  o.e.m.c.i.embedder.EclipseLogger - Using platform encoding (Cp1252 actually) to copy filtered resources, i.e. build is platform dependent!
2021-10-31 00:02:09,657 [Worker-62] INFO  o.e.m.c.i.embedder.EclipseLogger - Copying 0 resource
2021-10-31 00:02:12,256 [Worker-68] WARN  o.e.m.c.i.embedder.EclipseLogger - Using platform encoding (Cp1252 actually) to copy filtered resources, i.e. build is platform dependent!
2021-10-31 00:02:12,257 [Worker-68] INFO  o.e.m.c.i.embedder.EclipseLogger - Copying 0 resource
2021-10-31 00:02:12,259 [Worker-68] WARN  o.e.m.c.i.embedder.EclipseLogger - Using platform encoding (Cp1252 actually) to copy filtered resources, i.e. build is platform dependent!
2021-10-31 00:02:12,260 [Worker-68] INFO  o.e.m.c.i.embedder.EclipseLogger - Copying 0 resource
2021-10-31 00:03:30,716 [Worker-68] WARN  o.e.m.c.i.embedder.EclipseLogger - Using platform encoding (Cp1252 actually) to copy filtered resources, i.e. build is platform dependent!
2021-10-31 00:03:30,717 [Worker-68] INFO  o.e.m.c.i.embedder.EclipseLogger - Copying 0 resource
2021-10-31 00:03:30,719 [Worker-68] WARN  o.e.m.c.i.embedder.EclipseLogger - Using platform encoding (Cp1252 actually) to copy filtered resources, i.e. build is platform dependent!
2021-10-31 00:03:30,720 [Worker-68] INFO  o.e.m.c.i.embedder.EclipseLogger - Copying 0 resource
2021-10-31 00:04:32,816 [Worker-62] WARN  o.e.m.c.i.embedder.EclipseLogger - Using platform encoding (Cp1252 actually) to copy filtered resources, i.e. build is platform dependent!
2021-10-31 00:04:32,817 [Worker-62] INFO  o.e.m.c.i.embedder.EclipseLogger - Copying 0 resource
2021-10-31 00:04:32,819 [Worker-62] WARN  o.e.m.c.i.embedder.EclipseLogger - Using platform encoding (Cp1252 actually) to copy filtered resources, i.e. build is platform dependent!
2021-10-31 00:04:32,820 [Worker-62] INFO  o.e.m.c.i.embedder.EclipseLogger - Copying 0 resource
2021-10-31 00:04:36,364 [Worker-67] WARN  o.e.m.c.i.embedder.EclipseLogger - Using platform encoding (Cp1252 actually) to copy filtered resources, i.e. build is platform dependent!
2021-10-31 00:04:36,365 [Worker-67] INFO  o.e.m.c.i.embedder.EclipseLogger - Copying 0 resource
2021-10-31 00:04:36,366 [Worker-67] WARN  o.e.m.c.i.embedder.EclipseLogger - Using platform encoding (Cp1252 actually) to copy filtered resources, i.e. build is platform dependent!
2021-10-31 00:04:36,368 [Worker-67] INFO  o.e.m.c.i.embedder.EclipseLogger - Copying 0 resource
2021-10-31 00:12:08,814 [Worker-72] WARN  o.e.m.c.i.embedder.EclipseLogger - Using platform encoding (Cp1252 actually) to copy filtered resources, i.e. build is platform dependent!
2021-10-31 00:12:08,815 [Worker-72] INFO  o.e.m.c.i.embedder.EclipseLogger - Copying 0 resource
2021-10-31 00:12:08,816 [Worker-72] WARN  o.e.m.c.i.embedder.EclipseLogger - Using platform encoding (Cp1252 actually) to copy filtered resources, i.e. build is platform dependent!
2021-10-31 00:12:08,817 [Worker-72] INFO  o.e.m.c.i.embedder.EclipseLogger - Copying 0 resource
2021-10-31 00:14:27,331 [Worker-68] WARN  o.e.m.c.i.embedder.EclipseLogger - Using platform encoding (Cp1252 actually) to copy filtered resources, i.e. build is platform dependent!
2021-10-31 00:14:27,333 [Worker-68] INFO  o.e.m.c.i.embedder.EclipseLogger - Copying 0 resource
2021-10-31 00:14:27,334 [Worker-68] WARN  o.e.m.c.i.embedder.EclipseLogger - Using platform encoding (Cp1252 actually) to copy filtered resources, i.e. build is platform dependent!
2021-10-31 00:14:27,335 [Worker-68] INFO  o.e.m.c.i.embedder.EclipseLogger - Copying 0 resource
2021-10-31 00:15:27,255 [Worker-68] WARN  o.e.m.c.i.embedder.EclipseLogger - Using platform encoding (Cp1252 actually) to copy filtered resources, i.e. build is platform dependent!
2021-10-31 00:15:27,256 [Worker-68] INFO  o.e.m.c.i.embedder.EclipseLogger - Copying 0 resource
2021-10-31 00:15:27,258 [Worker-68] WARN  o.e.m.c.i.embedder.EclipseLogger - Using platform encoding (Cp1252 actually) to copy filtered resources, i.e. build is platform dependent!
2021-10-31 00:15:27,259 [Worker-68] INFO  o.e.m.c.i.embedder.EclipseLogger - Copying 0 resource
2021-10-31 00:15:34,804 [Worker-74] WARN  o.e.m.c.i.embedder.EclipseLogger - Using platform encoding (Cp1252 actually) to copy filtered resources, i.e. build is platform dependent!
2021-10-31 00:15:34,806 [Worker-74] INFO  o.e.m.c.i.embedder.EclipseLogger - Copying 0 resource
2021-10-31 00:15:34,808 [Worker-74] WARN  o.e.m.c.i.embedder.EclipseLogger - Using platform encoding (Cp1252 actually) to copy filtered resources, i.e. build is platform dependent!
2021-10-31 00:15:34,809 [Worker-74] INFO  o.e.m.c.i.embedder.EclipseLogger - Copying 0 resource
2021-10-31 00:16:45,181 [Worker-68] WARN  o.e.m.c.i.embedder.EclipseLogger - Using platform encoding (Cp1252 actually) to copy filtered resources, i.e. build is platform dependent!
2021-10-31 00:16:45,182 [Worker-68] INFO  o.e.m.c.i.embedder.EclipseLogger - Copying 0 resource
2021-10-31 00:16:45,183 [Worker-68] WARN  o.e.m.c.i.embedder.EclipseLogger - Using platform encoding (Cp1252 actually) to copy filtered resources, i.e. build is platform dependent!
2021-10-31 00:16:45,185 [Worker-68] INFO  o.e.m.c.i.embedder.EclipseLogger - Copying 0 resource
2021-10-31 00:22:43,653 [Worker-76] WARN  o.e.m.c.i.embedder.EclipseLogger - Using platform encoding (Cp1252 actually) to copy filtered resources, i.e. build is platform dependent!
2021-10-31 00:22:43,654 [Worker-76] INFO  o.e.m.c.i.embedder.EclipseLogger - Copying 0 resource
2021-10-31 00:22:43,655 [Worker-76] WARN  o.e.m.c.i.embedder.EclipseLogger - Using platform encoding (Cp1252 actually) to copy filtered resources, i.e. build is platform dependent!
2021-10-31 00:22:43,656 [Worker-76] INFO  o.e.m.c.i.embedder.EclipseLogger - Copying 0 resource
2021-10-31 00:26:23,304 [Worker-71] WARN  o.e.m.c.i.embedder.EclipseLogger - Using platform encoding (Cp1252 actually) to copy filtered resources, i.e. build is platform dependent!
2021-10-31 00:26:23,305 [Worker-71] INFO  o.e.m.c.i.embedder.EclipseLogger - Copying 0 resource
2021-10-31 00:26:23,307 [Worker-71] WARN  o.e.m.c.i.embedder.EclipseLogger - Using platform encoding (Cp1252 actually) to copy filtered resources, i.e. build is platform dependent!
2021-10-31 00:26:23,308 [Worker-71] INFO  o.e.m.c.i.embedder.EclipseLogger - Copying 0 resource
2021-10-31 00:27:21,373 [Worker-74] WARN  o.e.m.c.i.embedder.EclipseLogger - Using platform encoding (Cp1252 actually) to copy filtered resources, i.e. build is platform dependent!
2021-10-31 00:27:21,374 [Worker-74] INFO  o.e.m.c.i.embedder.EclipseLogger - Copying 0 resource
2021-10-31 00:27:21,377 [Worker-74] WARN  o.e.m.c.i.embedder.EclipseLogger - Using platform encoding (Cp1252 actually) to copy filtered resources, i.e. build is platform dependent!
2021-10-31 00:27:21,382 [Worker-74] INFO  o.e.m.c.i.embedder.EclipseLogger - Copying 0 resource
2021-10-31 00:27:54,230 [Worker-74] WARN  o.e.m.c.i.embedder.EclipseLogger - Using platform encoding (Cp1252 actually) to copy filtered resources, i.e. build is platform dependent!
2021-10-31 00:27:54,231 [Worker-74] INFO  o.e.m.c.i.embedder.EclipseLogger - Copying 0 resource
2021-10-31 00:27:54,232 [Worker-74] WARN  o.e.m.c.i.embedder.EclipseLogger - Using platform encoding (Cp1252 actually) to copy filtered resources, i.e. build is platform dependent!
2021-10-31 00:27:54,233 [Worker-74] INFO  o.e.m.c.i.embedder.EclipseLogger - Copying 0 resource
2021-10-31 00:28:00,065 [Worker-78] WARN  o.e.m.c.i.embedder.EclipseLogger - Using platform encoding (Cp1252 actually) to copy filtered resources, i.e. build is platform dependent!
2021-10-31 00:28:00,066 [Worker-78] INFO  o.e.m.c.i.embedder.EclipseLogger - Copying 0 resource
2021-10-31 00:28:00,069 [Worker-78] WARN  o.e.m.c.i.embedder.EclipseLogger - Using platform encoding (Cp1252 actually) to copy filtered resources, i.e. build is platform dependent!
2021-10-31 00:28:00,075 [Worker-78] INFO  o.e.m.c.i.embedder.EclipseLogger - Copying 0 resource
2021-10-31 00:38:14,316 [Worker-74] WARN  o.e.m.c.i.embedder.EclipseLogger - Using platform encoding (Cp1252 actually) to copy filtered resources, i.e. build is platform dependent!
2021-10-31 00:38:14,317 [Worker-74] INFO  o.e.m.c.i.embedder.EclipseLogger - Copying 0 resource
2021-10-31 00:38:14,319 [Worker-74] WARN  o.e.m.c.i.embedder.EclipseLogger - Using platform encoding (Cp1252 actually) to copy filtered resources, i.e. build is platform dependent!
2021-10-31 00:38:14,321 [Worker-74] INFO  o.e.m.c.i.embedder.EclipseLogger - Copying 0 resource
2021-10-31 00:42:44,154 [Worker-75] WARN  o.e.m.c.i.embedder.EclipseLogger - Using platform encoding (Cp1252 actually) to copy filtered resources, i.e. build is platform dependent!
2021-10-31 00:42:44,155 [Worker-75] INFO  o.e.m.c.i.embedder.EclipseLogger - Copying 0 resource
2021-10-31 00:42:44,157 [Worker-75] WARN  o.e.m.c.i.embedder.EclipseLogger - Using platform encoding (Cp1252 actually) to copy filtered resources, i.e. build is platform dependent!
2021-10-31 00:42:44,158 [Worker-75] INFO  o.e.m.c.i.embedder.EclipseLogger - Copying 0 resource
2021-10-31 00:43:47,556 [Worker-78] WARN  o.e.m.c.i.embedder.EclipseLogger - Using platform encoding (Cp1252 actually) to copy filtered resources, i.e. build is platform dependent!
2021-10-31 00:43:47,558 [Worker-78] INFO  o.e.m.c.i.embedder.EclipseLogger - Copying 0 resource
2021-10-31 00:43:47,559 [Worker-78] WARN  o.e.m.c.i.embedder.EclipseLogger - Using platform encoding (Cp1252 actually) to copy filtered resources, i.e. build is platform dependent!
2021-10-31 00:43:47,560 [Worker-78] INFO  o.e.m.c.i.embedder.EclipseLogger - Copying 0 resource
2021-10-31 00:46:10,075 [Worker-70] WARN  o.e.m.c.i.embedder.EclipseLogger - Using platform encoding (Cp1252 actually) to copy filtered resources, i.e. build is platform dependent!
2021-10-31 00:46:10,076 [Worker-70] INFO  o.e.m.c.i.embedder.EclipseLogger - Copying 0 resource
2021-10-31 00:46:10,077 [Worker-70] WARN  o.e.m.c.i.embedder.EclipseLogger - Using platform encoding (Cp1252 actually) to copy filtered resources, i.e. build is platform dependent!
2021-10-31 00:46:10,078 [Worker-70] INFO  o.e.m.c.i.embedder.EclipseLogger - Copying 0 resource
2021-10-31 00:46:12,633 [Worker-75] WARN  o.e.m.c.i.embedder.EclipseLogger - Using platform encoding (Cp1252 actually) to copy filtered resources, i.e. build is platform dependent!
2021-10-31 00:46:12,634 [Worker-75] INFO  o.e.m.c.i.embedder.EclipseLogger - Copying 0 resource
2021-10-31 00:46:12,634 [Worker-75] WARN  o.e.m.c.i.embedder.EclipseLogger - Using platform encoding (Cp1252 actually) to copy filtered resources, i.e. build is platform dependent!
2021-10-31 00:46:12,635 [Worker-75] INFO  o.e.m.c.i.embedder.EclipseLogger - Copying 0 resource
2021-10-31 00:46:38,065 [Worker-74] WARN  o.e.m.c.i.embedder.EclipseLogger - Using platform encoding (Cp1252 actually) to copy filtered resources, i.e. build is platform dependent!
2021-10-31 00:46:38,066 [Worker-74] INFO  o.e.m.c.i.embedder.EclipseLogger - Copying 0 resource
2021-10-31 00:46:38,067 [Worker-74] WARN  o.e.m.c.i.embedder.EclipseLogger - Using platform encoding (Cp1252 actually) to copy filtered resources, i.e. build is platform dependent!
2021-10-31 00:46:38,068 [Worker-74] INFO  o.e.m.c.i.embedder.EclipseLogger - Copying 0 resource
2021-10-31 00:50:22,428 [Worker-70] WARN  o.e.m.c.i.embedder.EclipseLogger - Using platform encoding (Cp1252 actually) to copy filtered resources, i.e. build is platform dependent!
2021-10-31 00:50:22,429 [Worker-70] INFO  o.e.m.c.i.embedder.EclipseLogger - Copying 0 resource
2021-10-31 00:50:22,430 [Worker-70] WARN  o.e.m.c.i.embedder.EclipseLogger - Using platform encoding (Cp1252 actually) to copy filtered resources, i.e. build is platform dependent!
2021-10-31 00:50:22,432 [Worker-70] INFO  o.e.m.c.i.embedder.EclipseLogger - Copying 0 resource
2021-10-31 00:51:36,412 [Worker-71] WARN  o.e.m.c.i.embedder.EclipseLogger - Using platform encoding (Cp1252 actually) to copy filtered resources, i.e. build is platform dependent!
2021-10-31 00:51:36,413 [Worker-71] INFO  o.e.m.c.i.embedder.EclipseLogger - Copying 0 resource
2021-10-31 00:51:36,414 [Worker-71] WARN  o.e.m.c.i.embedder.EclipseLogger - Using platform encoding (Cp1252 actually) to copy filtered resources, i.e. build is platform dependent!
2021-10-31 00:51:36,415 [Worker-71] INFO  o.e.m.c.i.embedder.EclipseLogger - Copying 0 resource
2021-10-31 11:53:03,608 [Worker-3] INFO  o.e.m.c.i.l.LifecycleMappingFactory - Using org.eclipse.m2e.jdt.JarLifecycleMapping lifecycle mapping for MavenProject: SeleniumCode:SeleniumCode:0.0.1-SNAPSHOT @ D:\SQA Projects\AnyDo_Web\SeleniumCode\pom.xml.
2021-10-31 11:53:05,223 [Worker-8] INFO  o.e.m.c.i.l.LifecycleMappingFactory - Using org.eclipse.m2e.jdt.JarLifecycleMapping lifecycle mapping for MavenProject: SeleniumCode:SeleniumCode:0.0.1-SNAPSHOT @ D:\SQA Projects\AnyDo_Web\SeleniumCode\pom.xml.
2021-10-31 11:53:09,887 [Worker-8] WARN  o.e.m.c.i.embedder.EclipseLogger - Using platform encoding (Cp1252 actually) to copy filtered resources, i.e. build is platform dependent!
2021-10-31 11:53:09,897 [Worker-8] INFO  o.e.m.c.i.embedder.EclipseLogger - Copying 0 resource
2021-10-31 11:53:09,901 [Worker-8] WARN  o.e.m.c.i.embedder.EclipseLogger - Using platform encoding (Cp1252 actually) to copy filtered resources, i.e. build is platform dependent!
2021-10-31 11:53:09,903 [Worker-8] INFO  o.e.m.c.i.embedder.EclipseLogger - Copying 0 resource
2021-10-31 11:53:11,759 [Worker-18] INFO  o.e.m.c.i.l.LifecycleMappingFactory - Using org.eclipse.m2e.jdt.JarLifecycleMapping lifecycle mapping for MavenProject: SeleniumCode:SeleniumCode:0.0.1-SNAPSHOT @ D:\SQA Projects\AnyDo_Web\SeleniumCode\pom.xml.
2021-10-31 11:53:14,279 [Worker-10] WARN  o.e.m.c.i.embedder.EclipseLogger - Using platform encoding (Cp1252 actually) to copy filtered resources, i.e. build is platform dependent!
2021-10-31 11:53:14,282 [Worker-10] INFO  o.e.m.c.i.embedder.EclipseLogger - Copying 0 resource
2021-10-31 11:53:14,284 [Worker-10] WARN  o.e.m.c.i.embedder.EclipseLogger - Using platform encoding (Cp1252 actually) to copy filtered resources, i.e. build is platform dependent!
2021-10-31 11:53:14,286 [Worker-10] INFO  o.e.m.c.i.embedder.EclipseLogger - Copying 0 resource
2021-10-31 12:09:13,092 [Worker-10] WARN  o.e.m.c.i.embedder.EclipseLogger - Using platform encoding (Cp1252 actually) to copy filtered resources, i.e. build is platform dependent!
2021-10-31 12:09:13,099 [Worker-10] INFO  o.e.m.c.i.embedder.EclipseLogger - Copying 0 resource
2021-10-31 12:09:13,102 [Worker-10] WARN  o.e.m.c.i.embedder.EclipseLogger - Using platform encoding (Cp1252 actually) to copy filtered resources, i.e. build is platform dependent!
2021-10-31 12:09:13,113 [Worker-10] INFO  o.e.m.c.i.embedder.EclipseLogger - Copying 0 resource
2021-10-31 12:10:05,040 [Worker-9] WARN  o.e.m.c.i.embedder.EclipseLogger - Using platform encoding (Cp1252 actually) to copy filtered resources, i.e. build is platform dependent!
2021-10-31 12:10:05,041 [Worker-9] INFO  o.e.m.c.i.embedder.EclipseLogger - Copying 0 resource
2021-10-31 12:10:05,043 [Worker-9] WARN  o.e.m.c.i.embedder.EclipseLogger - Using platform encoding (Cp1252 actually) to copy filtered resources, i.e. build is platform dependent!
2021-10-31 12:10:05,044 [Worker-9] INFO  o.e.m.c.i.embedder.EclipseLogger - Copying 0 resource
2021-10-31 12:17:06,505 [Worker-10] WARN  o.e.m.c.i.embedder.EclipseLogger - Using platform encoding (Cp1252 actually) to copy filtered resources, i.e. build is platform dependent!
2021-10-31 12:17:06,506 [Worker-10] INFO  o.e.m.c.i.embedder.EclipseLogger - Copying 0 resource
2021-10-31 12:17:06,507 [Worker-10] WARN  o.e.m.c.i.embedder.EclipseLogger - Using platform encoding (Cp1252 actually) to copy filtered resources, i.e. build is platform dependent!
2021-10-31 12:17:06,508 [Worker-10] INFO  o.e.m.c.i.embedder.EclipseLogger - Copying 0 resource
2021-10-31 12:25:26,212 [Worker-0] WARN  o.e.m.c.i.embedder.EclipseLogger - Using platform encoding (Cp1252 actually) to copy filtered resources, i.e. build is platform dependent!
2021-10-31 12:25:26,213 [Worker-0] INFO  o.e.m.c.i.embedder.EclipseLogger - Copying 0 resource
2021-10-31 12:25:26,216 [Worker-0] WARN  o.e.m.c.i.embedder.EclipseLogger - Using platform encoding (Cp1252 actually) to copy filtered resources, i.e. build is platform dependent!
2021-10-31 12:25:26,218 [Worker-0] INFO  o.e.m.c.i.embedder.EclipseLogger - Copying 0 resource
2021-10-31 12:28:15,455 [Worker-1] WARN  o.e.m.c.i.embedder.EclipseLogger - Using platform encoding (Cp1252 actually) to copy filtered resources, i.e. build is platform dependent!
2021-10-31 12:28:15,472 [Worker-1] INFO  o.e.m.c.i.embedder.EclipseLogger - Copying 0 resource
2021-10-31 12:28:15,473 [Worker-1] WARN  o.e.m.c.i.embedder.EclipseLogger - Using platform encoding (Cp1252 actually) to copy filtered resources, i.e. build is platform dependent!
2021-10-31 12:28:15,474 [Worker-1] INFO  o.e.m.c.i.embedder.EclipseLogger - Copying 0 resource
2021-10-31 12:31:36,982 [Worker-11] WARN  o.e.m.c.i.embedder.EclipseLogger - Using platform encoding (Cp1252 actually) to copy filtered resources, i.e. build is platform dependent!
2021-10-31 12:31:36,984 [Worker-11] INFO  o.e.m.c.i.embedder.EclipseLogger - Copying 0 resource
2021-10-31 12:31:36,989 [Worker-11] WARN  o.e.m.c.i.embedder.EclipseLogger - Using platform encoding (Cp1252 actually) to copy filtered resources, i.e. build is platform dependent!
2021-10-31 12:31:36,990 [Worker-11] INFO  o.e.m.c.i.embedder.EclipseLogger - Copying 0 resource
2021-10-31 12:38:32,597 [Worker-23] WARN  o.e.m.c.i.embedder.EclipseLogger - Using platform encoding (Cp1252 actually) to copy filtered resources, i.e. build is platform dependent!
2021-10-31 12:38:32,727 [Worker-23] INFO  o.e.m.c.i.embedder.EclipseLogger - Copying 0 resource
2021-10-31 12:38:32,731 [Worker-23] WARN  o.e.m.c.i.embedder.EclipseLogger - Using platform encoding (Cp1252 actually) to copy filtered resources, i.e. build is platform dependent!
2021-10-31 12:38:32,734 [Worker-23] INFO  o.e.m.c.i.embedder.EclipseLogger - Copying 0 resource
2021-10-31 12:51:13,243 [Worker-29] WARN  o.e.m.c.i.embedder.EclipseLogger - Using platform encoding (Cp1252 actually) to copy filtered resources, i.e. build is platform dependent!
2021-10-31 12:51:13,400 [Worker-29] INFO  o.e.m.c.i.embedder.EclipseLogger - Copying 0 resource
2021-10-31 12:51:13,405 [Worker-29] WARN  o.e.m.c.i.embedder.EclipseLogger - Using platform encoding (Cp1252 actually) to copy filtered resources, i.e. build is platform dependent!
2021-10-31 12:51:13,409 [Worker-29] INFO  o.e.m.c.i.embedder.EclipseLogger - Copying 0 resource
2021-10-31 12:51:37,125 [Worker-31] WARN  o.e.r.models.ModelRepository - Failed to download org.eclipse.recommenders:index::zip:0.0.0
org.eclipse.aether.resolution.ArtifactResolutionException: Could not find artifact org.eclipse.recommenders:index:zip:0.0.0-SNAPSHOT in models (http://download.eclipse.org/recommenders/models/neon/)
	at org.eclipse.aether.internal.impl.DefaultArtifactResolver.resolve(DefaultArtifactResolver.java:444) ~[na:na]
	at org.eclipse.aether.internal.impl.DefaultArtifactResolver.resolveArtifacts(DefaultArtifactResolver.java:246) ~[na:na]
	at org.eclipse.aether.internal.impl.DefaultArtifactResolver.resolveArtifact(DefaultArtifactResolver.java:223) ~[na:na]
	at org.eclipse.aether.internal.impl.DefaultRepositorySystem.resolveArtifact(DefaultRepositorySystem.java:294) ~[na:na]
	at org.eclipse.recommenders.models.ModelRepository.resolveInternal(ModelRepository.java:193) [org.eclipse.recommenders.models_2.4.6.v20170307-1041.jar:na]
	at org.eclipse.recommenders.models.ModelRepository.resolve(ModelRepository.java:172) [org.eclipse.recommenders.models_2.4.6.v20170307-1041.jar:na]
	at org.eclipse.recommenders.internal.models.rcp.EclipseModelRepository.resolve(EclipseModelRepository.java:169) [org.eclipse.recommenders.models.rcp_2.4.6.v20170307-1041.jar:na]
	at org.eclipse.recommenders.internal.models.rcp.DownloadModelArchiveJob.run(DownloadModelArchiveJob.java:76) [org.eclipse.recommenders.models.rcp_2.4.6.v20170307-1041.jar:na]
	at org.eclipse.core.internal.jobs.Worker.run(Worker.java:55) [org.eclipse.core.jobs_3.8.0.v20160509-0411.jar:na]
Caused by: org.eclipse.aether.transfer.ArtifactNotFoundException: Could not find artifact org.eclipse.recommenders:index:zip:0.0.0-SNAPSHOT in models (http://download.eclipse.org/recommenders/models/neon/)
	at org.eclipse.aether.connector.basic.ArtifactTransportListener.transferFailed(ArtifactTransportListener.java:39) ~[org.eclipse.aether.connector.basic_1.0.1.v20141111.jar:na]
	at org.eclipse.aether.connector.basic.BasicRepositoryConnector$TaskRunner.run(BasicRepositoryConnector.java:355) ~[org.eclipse.aether.connector.basic_1.0.1.v20141111.jar:na]
	at org.eclipse.aether.util.concurrency.RunnableErrorForwarder$1.run(RunnableErrorForwarder.java:67) ~[na:na]
	at org.eclipse.aether.connector.basic.BasicRepositoryConnector$DirectExecutor.execute(BasicRepositoryConnector.java:581) ~[org.eclipse.aether.connector.basic_1.0.1.v20141111.jar:na]
	at org.eclipse.aether.connector.basic.BasicRepositoryConnector.get(BasicRepositoryConnector.java:249) ~[org.eclipse.aether.connector.basic_1.0.1.v20141111.jar:na]
	at org.eclipse.aether.internal.impl.DefaultArtifactResolver.performDownloads(DefaultArtifactResolver.java:520) ~[na:na]
	at org.eclipse.aether.internal.impl.DefaultArtifactResolver.resolve(DefaultArtifactResolver.java:421) ~[na:na]
	... 8 common frames omitted
2021-10-31 12:52:06,062 [Worker-31] WARN  o.e.m.c.i.embedder.EclipseLogger - Using platform encoding (Cp1252 actually) to copy filtered resources, i.e. build is platform dependent!
2021-10-31 12:52:06,064 [Worker-31] INFO  o.e.m.c.i.embedder.EclipseLogger - Copying 0 resource
2021-10-31 12:52:06,067 [Worker-31] WARN  o.e.m.c.i.embedder.EclipseLogger - Using platform encoding (Cp1252 actually) to copy filtered resources, i.e. build is platform dependent!
2021-10-31 12:52:06,068 [Worker-31] INFO  o.e.m.c.i.embedder.EclipseLogger - Copying 0 resource
2021-10-31 13:01:51,635 [Worker-37] WARN  o.e.m.c.i.embedder.EclipseLogger - Using platform encoding (Cp1252 actually) to copy filtered resources, i.e. build is platform dependent!
2021-10-31 13:01:51,740 [Worker-37] INFO  o.e.m.c.i.embedder.EclipseLogger - Copying 0 resource
2021-10-31 13:01:51,745 [Worker-37] WARN  o.e.m.c.i.embedder.EclipseLogger - Using platform encoding (Cp1252 actually) to copy filtered resources, i.e. build is platform dependent!
2021-10-31 13:01:51,748 [Worker-37] INFO  o.e.m.c.i.embedder.EclipseLogger - Copying 0 resource
2021-10-31 13:02:52,474 [Worker-35] WARN  o.e.m.c.i.embedder.EclipseLogger - Using platform encoding (Cp1252 actually) to copy filtered resources, i.e. build is platform dependent!
2021-10-31 13:02:52,475 [Worker-35] INFO  o.e.m.c.i.embedder.EclipseLogger - Copying 0 resource
2021-10-31 13:02:52,477 [Worker-35] WARN  o.e.m.c.i.embedder.EclipseLogger - Using platform encoding (Cp1252 actually) to copy filtered resources, i.e. build is platform dependent!
2021-10-31 13:02:52,479 [Worker-35] INFO  o.e.m.c.i.embedder.EclipseLogger - Copying 0 resource
2021-10-31 13:03:22,409 [Worker-35] WARN  o.e.m.c.i.embedder.EclipseLogger - Using platform encoding (Cp1252 actually) to copy filtered resources, i.e. build is platform dependent!
2021-10-31 13:03:22,410 [Worker-35] INFO  o.e.m.c.i.embedder.EclipseLogger - Copying 0 resource
2021-10-31 13:03:22,413 [Worker-35] WARN  o.e.m.c.i.embedder.EclipseLogger - Using platform encoding (Cp1252 actually) to copy filtered resources, i.e. build is platform dependent!
2021-10-31 13:03:22,415 [Worker-35] INFO  o.e.m.c.i.embedder.EclipseLogger - Copying 0 resource
2021-10-31 13:05:33,614 [Worker-35] WARN  o.e.m.c.i.embedder.EclipseLogger - Using platform encoding (Cp1252 actually) to copy filtered resources, i.e. build is platform dependent!
2021-10-31 13:05:33,648 [Worker-35] INFO  o.e.m.c.i.embedder.EclipseLogger - Copying 0 resource
2021-10-31 13:05:33,680 [Worker-35] WARN  o.e.m.c.i.embedder.EclipseLogger - Using platform encoding (Cp1252 actually) to copy filtered resources, i.e. build is platform dependent!
2021-10-31 13:05:33,682 [Worker-35] INFO  o.e.m.c.i.embedder.EclipseLogger - Copying 0 resource
2021-10-31 13:06:03,163 [Worker-44] WARN  o.e.m.c.i.embedder.EclipseLogger - Using platform encoding (Cp1252 actually) to copy filtered resources, i.e. build is platform dependent!
2021-10-31 13:06:03,164 [Worker-44] INFO  o.e.m.c.i.embedder.EclipseLogger - Copying 0 resource
2021-10-31 13:06:03,166 [Worker-44] WARN  o.e.m.c.i.embedder.EclipseLogger - Using platform encoding (Cp1252 actually) to copy filtered resources, i.e. build is platform dependent!
2021-10-31 13:06:03,167 [Worker-44] INFO  o.e.m.c.i.embedder.EclipseLogger - Copying 0 resource
2021-10-31 13:10:30,944 [Worker-43] WARN  o.e.m.c.i.embedder.EclipseLogger - Using platform encoding (Cp1252 actually) to copy filtered resources, i.e. build is platform dependent!
2021-10-31 13:10:31,025 [Worker-43] INFO  o.e.m.c.i.embedder.EclipseLogger - Copying 0 resource
2021-10-31 13:10:31,028 [Worker-43] WARN  o.e.m.c.i.embedder.EclipseLogger - Using platform encoding (Cp1252 actually) to copy filtered resources, i.e. build is platform dependent!
2021-10-31 13:10:31,029 [Worker-43] INFO  o.e.m.c.i.embedder.EclipseLogger - Copying 0 resource
2021-10-31 13:10:50,741 [Worker-35] WARN  o.e.m.c.i.embedder.EclipseLogger - Using platform encoding (Cp1252 actually) to copy filtered resources, i.e. build is platform dependent!
2021-10-31 13:10:50,744 [Worker-35] INFO  o.e.m.c.i.embedder.EclipseLogger - Copying 0 resource
2021-10-31 13:10:50,746 [Worker-35] WARN  o.e.m.c.i.embedder.EclipseLogger - Using platform encoding (Cp1252 actually) to copy filtered resources, i.e. build is platform dependent!
2021-10-31 13:10:50,748 [Worker-35] INFO  o.e.m.c.i.embedder.EclipseLogger - Copying 0 resource
2021-10-31 13:12:01,027 [Worker-42] WARN  o.e.m.c.i.embedder.EclipseLogger - Using platform encoding (Cp1252 actually) to copy filtered resources, i.e. build is platform dependent!
2021-10-31 13:12:01,059 [Worker-42] INFO  o.e.m.c.i.embedder.EclipseLogger - Copying 0 resource
2021-10-31 13:12:01,060 [Worker-42] WARN  o.e.m.c.i.embedder.EclipseLogger - Using platform encoding (Cp1252 actually) to copy filtered resources, i.e. build is platform dependent!
2021-10-31 13:12:01,062 [Worker-42] INFO  o.e.m.c.i.embedder.EclipseLogger - Copying 0 resource
2021-10-31 13:14:03,006 [Worker-42] WARN  o.e.m.c.i.embedder.EclipseLogger - Using platform encoding (Cp1252 actually) to copy filtered resources, i.e. build is platform dependent!
2021-10-31 13:14:03,061 [Worker-42] INFO  o.e.m.c.i.embedder.EclipseLogger - Copying 0 resource
2021-10-31 13:14:03,063 [Worker-42] WARN  o.e.m.c.i.embedder.EclipseLogger - Using platform encoding (Cp1252 actually) to copy filtered resources, i.e. build is platform dependent!
2021-10-31 13:14:03,116 [Worker-42] INFO  o.e.m.c.i.embedder.EclipseLogger - Copying 0 resource
2021-10-31 13:16:24,798 [Worker-47] WARN  o.e.m.c.i.embedder.EclipseLogger - Using platform encoding (Cp1252 actually) to copy filtered resources, i.e. build is platform dependent!
2021-10-31 13:16:24,799 [Worker-47] INFO  o.e.m.c.i.embedder.EclipseLogger - Copying 0 resource
2021-10-31 13:16:24,800 [Worker-47] WARN  o.e.m.c.i.embedder.EclipseLogger - Using platform encoding (Cp1252 actually) to copy filtered resources, i.e. build is platform dependent!
2021-10-31 13:16:24,801 [Worker-47] INFO  o.e.m.c.i.embedder.EclipseLogger - Copying 0 resource
2021-10-31 13:19:24,571 [Worker-39] WARN  o.e.m.c.i.embedder.EclipseLogger - Using platform encoding (Cp1252 actually) to copy filtered resources, i.e. build is platform dependent!
2021-10-31 13:19:24,572 [Worker-39] INFO  o.e.m.c.i.embedder.EclipseLogger - Copying 0 resource
2021-10-31 13:19:24,573 [Worker-39] WARN  o.e.m.c.i.embedder.EclipseLogger - Using platform encoding (Cp1252 actually) to copy filtered resources, i.e. build is platform dependent!
2021-10-31 13:19:24,574 [Worker-39] INFO  o.e.m.c.i.embedder.EclipseLogger - Copying 0 resource
2021-10-31 13:20:06,650 [Worker-46] WARN  o.e.m.c.i.embedder.EclipseLogger - Using platform encoding (Cp1252 actually) to copy filtered resources, i.e. build is platform dependent!
2021-10-31 13:20:06,652 [Worker-46] INFO  o.e.m.c.i.embedder.EclipseLogger - Copying 0 resource
2021-10-31 13:20:06,654 [Worker-46] WARN  o.e.m.c.i.embedder.EclipseLogger - Using platform encoding (Cp1252 actually) to copy filtered resources, i.e. build is platform dependent!
2021-10-31 13:20:06,656 [Worker-46] INFO  o.e.m.c.i.embedder.EclipseLogger - Copying 0 resource
2021-10-31 13:21:08,822 [Worker-48] WARN  o.e.m.c.i.embedder.EclipseLogger - Using platform encoding (Cp1252 actually) to copy filtered resources, i.e. build is platform dependent!
2021-10-31 13:21:08,857 [Worker-48] INFO  o.e.m.c.i.embedder.EclipseLogger - Copying 0 resource
2021-10-31 13:21:08,858 [Worker-48] WARN  o.e.m.c.i.embedder.EclipseLogger - Using platform encoding (Cp1252 actually) to copy filtered resources, i.e. build is platform dependent!
2021-10-31 13:21:08,859 [Worker-48] INFO  o.e.m.c.i.embedder.EclipseLogger - Copying 0 resource
2021-10-31 13:23:08,287 [Worker-47] WARN  o.e.m.c.i.embedder.EclipseLogger - Using platform encoding (Cp1252 actually) to copy filtered resources, i.e. build is platform dependent!
2021-10-31 13:23:08,403 [Worker-47] INFO  o.e.m.c.i.embedder.EclipseLogger - Copying 0 resource
2021-10-31 13:23:08,404 [Worker-47] WARN  o.e.m.c.i.embedder.EclipseLogger - Using platform encoding (Cp1252 actually) to copy filtered resources, i.e. build is platform dependent!
2021-10-31 13:23:08,405 [Worker-47] INFO  o.e.m.c.i.embedder.EclipseLogger - Copying 0 resource
2021-10-31 13:26:46,864 [Worker-44] WARN  o.e.m.c.i.embedder.EclipseLogger - Using platform encoding (Cp1252 actually) to copy filtered resources, i.e. build is platform dependent!
2021-10-31 13:26:47,097 [Worker-44] INFO  o.e.m.c.i.embedder.EclipseLogger - Copying 0 resource
2021-10-31 13:26:47,101 [Worker-44] WARN  o.e.m.c.i.embedder.EclipseLogger - Using platform encoding (Cp1252 actually) to copy filtered resources, i.e. build is platform dependent!
2021-10-31 13:26:47,102 [Worker-44] INFO  o.e.m.c.i.embedder.EclipseLogger - Copying 0 resource
2021-10-31 13:27:33,939 [Worker-46] WARN  o.e.m.c.i.embedder.EclipseLogger - Using platform encoding (Cp1252 actually) to copy filtered resources, i.e. build is platform dependent!
2021-10-31 13:27:33,985 [Worker-46] INFO  o.e.m.c.i.embedder.EclipseLogger - Copying 0 resource
2021-10-31 13:27:33,986 [Worker-46] WARN  o.e.m.c.i.embedder.EclipseLogger - Using platform encoding (Cp1252 actually) to copy filtered resources, i.e. build is platform dependent!
2021-10-31 13:27:33,987 [Worker-46] INFO  o.e.m.c.i.embedder.EclipseLogger - Copying 0 resource
2021-10-31 13:29:46,373 [Worker-51] WARN  o.e.m.c.i.embedder.EclipseLogger - Using platform encoding (Cp1252 actually) to copy filtered resources, i.e. build is platform dependent!
2021-10-31 13:29:46,399 [Worker-51] INFO  o.e.m.c.i.embedder.EclipseLogger - Copying 0 resource
2021-10-31 13:29:46,400 [Worker-51] WARN  o.e.m.c.i.embedder.EclipseLogger - Using platform encoding (Cp1252 actually) to copy filtered resources, i.e. build is platform dependent!
2021-10-31 13:29:46,401 [Worker-51] INFO  o.e.m.c.i.embedder.EclipseLogger - Copying 0 resource
2021-10-31 13:30:39,025 [Worker-51] WARN  o.e.m.c.i.embedder.EclipseLogger - Using platform encoding (Cp1252 actually) to copy filtered resources, i.e. build is platform dependent!
2021-10-31 13:30:39,195 [Worker-51] INFO  o.e.m.c.i.embedder.EclipseLogger - Copying 0 resource
2021-10-31 13:30:39,204 [Worker-51] WARN  o.e.m.c.i.embedder.EclipseLogger - Using platform encoding (Cp1252 actually) to copy filtered resources, i.e. build is platform dependent!
2021-10-31 13:30:39,205 [Worker-51] INFO  o.e.m.c.i.embedder.EclipseLogger - Copying 0 resource
2021-10-31 13:31:58,611 [Worker-44] WARN  o.e.m.c.i.embedder.EclipseLogger - Using platform encoding (Cp1252 actually) to copy filtered resources, i.e. build is platform dependent!
2021-10-31 13:31:58,725 [Worker-44] INFO  o.e.m.c.i.embedder.EclipseLogger - Copying 0 resource
2021-10-31 13:31:58,726 [Worker-44] WARN  o.e.m.c.i.embedder.EclipseLogger - Using platform encoding (Cp1252 actually) to copy filtered resources, i.e. build is platform dependent!
2021-10-31 13:31:58,728 [Worker-44] INFO  o.e.m.c.i.embedder.EclipseLogger - Copying 0 resource
2021-10-31 13:40:15,038 [Worker-54] WARN  o.e.m.c.i.embedder.EclipseLogger - Using platform encoding (Cp1252 actually) to copy filtered resources, i.e. build is platform dependent!
2021-10-31 13:40:15,236 [Worker-54] INFO  o.e.m.c.i.embedder.EclipseLogger - Copying 0 resource
2021-10-31 13:40:15,237 [Worker-54] WARN  o.e.m.c.i.embedder.EclipseLogger - Using platform encoding (Cp1252 actually) to copy filtered resources, i.e. build is platform dependent!
2021-10-31 13:40:15,238 [Worker-54] INFO  o.e.m.c.i.embedder.EclipseLogger - Copying 0 resource
2021-10-31 13:40:55,234 [Worker-52] WARN  o.e.m.c.i.embedder.EclipseLogger - Using platform encoding (Cp1252 actually) to copy filtered resources, i.e. build is platform dependent!
2021-10-31 13:40:55,235 [Worker-52] INFO  o.e.m.c.i.embedder.EclipseLogger - Copying 0 resource
2021-10-31 13:40:55,237 [Worker-52] WARN  o.e.m.c.i.embedder.EclipseLogger - Using platform encoding (Cp1252 actually) to copy filtered resources, i.e. build is platform dependent!
2021-10-31 13:40:55,238 [Worker-52] INFO  o.e.m.c.i.embedder.EclipseLogger - Copying 0 resource
2021-10-31 13:44:14,974 [Worker-51] WARN  o.e.m.c.i.embedder.EclipseLogger - Using platform encoding (Cp1252 actually) to copy filtered resources, i.e. build is platform dependent!
2021-10-31 13:44:14,975 [Worker-51] INFO  o.e.m.c.i.embedder.EclipseLogger - Copying 0 resource
2021-10-31 13:44:14,976 [Worker-51] WARN  o.e.m.c.i.embedder.EclipseLogger - Using platform encoding (Cp1252 actually) to copy filtered resources, i.e. build is platform dependent!
2021-10-31 13:44:14,977 [Worker-51] INFO  o.e.m.c.i.embedder.EclipseLogger - Copying 0 resource
2021-10-31 13:47:51,576 [Worker-62] WARN  o.e.m.c.i.embedder.EclipseLogger - Using platform encoding (Cp1252 actually) to copy filtered resources, i.e. build is platform dependent!
2021-10-31 13:47:51,616 [Worker-62] INFO  o.e.m.c.i.embedder.EclipseLogger - Copying 0 resource
2021-10-31 13:47:51,617 [Worker-62] WARN  o.e.m.c.i.embedder.EclipseLogger - Using platform encoding (Cp1252 actually) to copy filtered resources, i.e. build is platform dependent!
2021-10-31 13:47:51,619 [Worker-62] INFO  o.e.m.c.i.embedder.EclipseLogger - Copying 0 resource
2021-10-31 13:49:09,935 [Worker-54] WARN  o.e.m.c.i.embedder.EclipseLogger - Using platform encoding (Cp1252 actually) to copy filtered resources, i.e. build is platform dependent!
2021-10-31 13:49:09,936 [Worker-54] INFO  o.e.m.c.i.embedder.EclipseLogger - Copying 0 resource
2021-10-31 13:49:09,937 [Worker-54] WARN  o.e.m.c.i.embedder.EclipseLogger - Using platform encoding (Cp1252 actually) to copy filtered resources, i.e. build is platform dependent!
2021-10-31 13:49:09,938 [Worker-54] INFO  o.e.m.c.i.embedder.EclipseLogger - Copying 0 resource
2021-10-31 13:52:01,984 [Worker-65] WARN  o.e.m.c.i.embedder.EclipseLogger - Using platform encoding (Cp1252 actually) to copy filtered resources, i.e. build is platform dependent!
2021-10-31 13:52:01,987 [Worker-65] INFO  o.e.m.c.i.embedder.EclipseLogger - Copying 0 resource
2021-10-31 13:52:01,992 [Worker-65] WARN  o.e.m.c.i.embedder.EclipseLogger - Using platform encoding (Cp1252 actually) to copy filtered resources, i.e. build is platform dependent!
2021-10-31 13:52:01,998 [Worker-65] INFO  o.e.m.c.i.embedder.EclipseLogger - Copying 0 resource
2021-10-31 13:56:06,403 [Worker-66] WARN  o.e.m.c.i.embedder.EclipseLogger - Using platform encoding (Cp1252 actually) to copy filtered resources, i.e. build is platform dependent!
2021-10-31 13:56:06,404 [Worker-66] INFO  o.e.m.c.i.embedder.EclipseLogger - Copying 0 resource
2021-10-31 13:56:06,405 [Worker-66] WARN  o.e.m.c.i.embedder.EclipseLogger - Using platform encoding (Cp1252 actually) to copy filtered resources, i.e. build is platform dependent!
2021-10-31 13:56:06,406 [Worker-66] INFO  o.e.m.c.i.embedder.EclipseLogger - Copying 0 resource
2021-10-31 13:58:55,039 [Worker-67] WARN  o.e.m.c.i.embedder.EclipseLogger - Using platform encoding (Cp1252 actually) to copy filtered resources, i.e. build is platform dependent!
2021-10-31 13:58:55,042 [Worker-67] INFO  o.e.m.c.i.embedder.EclipseLogger - Copying 0 resource
2021-10-31 13:58:55,044 [Worker-67] WARN  o.e.m.c.i.embedder.EclipseLogger - Using platform encoding (Cp1252 actually) to copy filtered resources, i.e. build is platform dependent!
2021-10-31 13:58:55,046 [Worker-67] INFO  o.e.m.c.i.embedder.EclipseLogger - Copying 0 resource
2021-10-31 14:01:21,725 [Worker-67] WARN  o.e.m.c.i.embedder.EclipseLogger - Using platform encoding (Cp1252 actually) to copy filtered resources, i.e. build is platform dependent!
2021-10-31 14:01:21,726 [Worker-67] INFO  o.e.m.c.i.embedder.EclipseLogger - Copying 0 resource
2021-10-31 14:01:21,727 [Worker-67] WARN  o.e.m.c.i.embedder.EclipseLogger - Using platform encoding (Cp1252 actually) to copy filtered resources, i.e. build is platform dependent!
2021-10-31 14:01:21,728 [Worker-67] INFO  o.e.m.c.i.embedder.EclipseLogger - Copying 0 resource
2021-10-31 14:02:47,676 [Worker-54] WARN  o.e.m.c.i.embedder.EclipseLogger - Using platform encoding (Cp1252 actually) to copy filtered resources, i.e. build is platform dependent!
2021-10-31 14:02:47,677 [Worker-54] INFO  o.e.m.c.i.embedder.EclipseLogger - Copying 0 resource
2021-10-31 14:02:47,680 [Worker-54] WARN  o.e.m.c.i.embedder.EclipseLogger - Using platform encoding (Cp1252 actually) to copy filtered resources, i.e. build is platform dependent!
2021-10-31 14:02:47,681 [Worker-54] INFO  o.e.m.c.i.embedder.EclipseLogger - Copying 0 resource
2021-10-31 14:20:20,271 [Worker-79] WARN  o.e.m.c.i.embedder.EclipseLogger - Using platform encoding (Cp1252 actually) to copy filtered resources, i.e. build is platform dependent!
2021-10-31 14:20:20,273 [Worker-79] INFO  o.e.m.c.i.embedder.EclipseLogger - Copying 0 resource
2021-10-31 14:20:20,274 [Worker-79] WARN  o.e.m.c.i.embedder.EclipseLogger - Using platform encoding (Cp1252 actually) to copy filtered resources, i.e. build is platform dependent!
2021-10-31 14:20:20,275 [Worker-79] INFO  o.e.m.c.i.embedder.EclipseLogger - Copying 0 resource
2021-10-31 14:21:27,028 [Worker-79] WARN  o.e.m.c.i.embedder.EclipseLogger - Using platform encoding (Cp1252 actually) to copy filtered resources, i.e. build is platform dependent!
2021-10-31 14:21:27,029 [Worker-79] INFO  o.e.m.c.i.embedder.EclipseLogger - Copying 0 resource
2021-10-31 14:21:27,030 [Worker-79] WARN  o.e.m.c.i.embedder.EclipseLogger - Using platform encoding (Cp1252 actually) to copy filtered resources, i.e. build is platform dependent!
2021-10-31 14:21:27,031 [Worker-79] INFO  o.e.m.c.i.embedder.EclipseLogger - Copying 0 resource
2021-10-31 14:22:23,563 [Worker-76] WARN  o.e.m.c.i.embedder.EclipseLogger - Using platform encoding (Cp1252 actually) to copy filtered resources, i.e. build is platform dependent!
2021-10-31 14:22:23,564 [Worker-76] INFO  o.e.m.c.i.embedder.EclipseLogger - Copying 0 resource
2021-10-31 14:22:23,565 [Worker-76] WARN  o.e.m.c.i.embedder.EclipseLogger - Using platform encoding (Cp1252 actually) to copy filtered resources, i.e. build is platform dependent!
2021-10-31 14:22:23,566 [Worker-76] INFO  o.e.m.c.i.embedder.EclipseLogger - Copying 0 resource
2021-10-31 14:24:07,543 [Worker-79] WARN  o.e.m.c.i.embedder.EclipseLogger - Using platform encoding (Cp1252 actually) to copy filtered resources, i.e. build is platform dependent!
2021-10-31 14:24:07,544 [Worker-79] INFO  o.e.m.c.i.embedder.EclipseLogger - Copying 0 resource
2021-10-31 14:24:07,545 [Worker-79] WARN  o.e.m.c.i.embedder.EclipseLogger - Using platform encoding (Cp1252 actually) to copy filtered resources, i.e. build is platform dependent!
2021-10-31 14:24:07,545 [Worker-79] INFO  o.e.m.c.i.embedder.EclipseLogger - Copying 0 resource
2021-10-31 14:24:21,919 [Worker-76] WARN  o.e.m.c.i.embedder.EclipseLogger - Using platform encoding (Cp1252 actually) to copy filtered resources, i.e. build is platform dependent!
2021-10-31 14:24:21,920 [Worker-76] INFO  o.e.m.c.i.embedder.EclipseLogger - Copying 0 resource
2021-10-31 14:24:21,922 [Worker-76] WARN  o.e.m.c.i.embedder.EclipseLogger - Using platform encoding (Cp1252 actually) to copy filtered resources, i.e. build is platform dependent!
2021-10-31 14:24:21,923 [Worker-76] INFO  o.e.m.c.i.embedder.EclipseLogger - Copying 0 resource
2021-10-31 14:26:32,169 [Worker-82] WARN  o.e.m.c.i.embedder.EclipseLogger - Using platform encoding (Cp1252 actually) to copy filtered resources, i.e. build is platform dependent!
2021-10-31 14:26:32,169 [Worker-82] INFO  o.e.m.c.i.embedder.EclipseLogger - Copying 0 resource
2021-10-31 14:26:32,170 [Worker-82] WARN  o.e.m.c.i.embedder.EclipseLogger - Using platform encoding (Cp1252 actually) to copy filtered resources, i.e. build is platform dependent!
2021-10-31 14:26:32,171 [Worker-82] INFO  o.e.m.c.i.embedder.EclipseLogger - Copying 0 resource
2021-10-31 14:26:55,902 [Worker-78] WARN  o.e.m.c.i.embedder.EclipseLogger - Using platform encoding (Cp1252 actually) to copy filtered resources, i.e. build is platform dependent!
2021-10-31 14:26:55,903 [Worker-78] INFO  o.e.m.c.i.embedder.EclipseLogger - Copying 0 resource
2021-10-31 14:26:55,904 [Worker-78] WARN  o.e.m.c.i.embedder.EclipseLogger - Using platform encoding (Cp1252 actually) to copy filtered resources, i.e. build is platform dependent!
2021-10-31 14:26:55,905 [Worker-78] INFO  o.e.m.c.i.embedder.EclipseLogger - Copying 0 resource
2021-10-31 14:32:58,839 [Worker-80] WARN  o.e.m.c.i.embedder.EclipseLogger - Using platform encoding (Cp1252 actually) to copy filtered resources, i.e. build is platform dependent!
2021-10-31 14:32:58,839 [Worker-80] INFO  o.e.m.c.i.embedder.EclipseLogger - Copying 0 resource
2021-10-31 14:32:58,841 [Worker-80] WARN  o.e.m.c.i.embedder.EclipseLogger - Using platform encoding (Cp1252 actually) to copy filtered resources, i.e. build is platform dependent!
2021-10-31 14:32:58,841 [Worker-80] INFO  o.e.m.c.i.embedder.EclipseLogger - Copying 0 resource
2021-10-31 14:37:37,114 [Worker-84] WARN  o.e.m.c.i.embedder.EclipseLogger - Using platform encoding (Cp1252 actually) to copy filtered resources, i.e. build is platform dependent!
2021-10-31 14:37:37,115 [Worker-84] INFO  o.e.m.c.i.embedder.EclipseLogger - Copying 0 resource
2021-10-31 14:37:37,116 [Worker-84] WARN  o.e.m.c.i.embedder.EclipseLogger - Using platform encoding (Cp1252 actually) to copy filtered resources, i.e. build is platform dependent!
2021-10-31 14:37:37,118 [Worker-84] INFO  o.e.m.c.i.embedder.EclipseLogger - Copying 0 resource
2021-10-31 14:37:56,139 [Worker-86] WARN  o.e.m.c.i.embedder.EclipseLogger - Using platform encoding (Cp1252 actually) to copy filtered resources, i.e. build is platform dependent!
2021-10-31 14:37:56,140 [Worker-86] INFO  o.e.m.c.i.embedder.EclipseLogger - Copying 0 resource
2021-10-31 14:37:56,140 [Worker-86] WARN  o.e.m.c.i.embedder.EclipseLogger - Using platform encoding (Cp1252 actually) to copy filtered resources, i.e. build is platform dependent!
2021-10-31 14:37:56,141 [Worker-86] INFO  o.e.m.c.i.embedder.EclipseLogger - Copying 0 resource
2021-10-31 14:39:41,426 [Worker-84] WARN  o.e.m.c.i.embedder.EclipseLogger - Using platform encoding (Cp1252 actually) to copy filtered resources, i.e. build is platform dependent!
2021-10-31 14:39:41,427 [Worker-84] INFO  o.e.m.c.i.embedder.EclipseLogger - Copying 0 resource
2021-10-31 14:39:41,428 [Worker-84] WARN  o.e.m.c.i.embedder.EclipseLogger - Using platform encoding (Cp1252 actually) to copy filtered resources, i.e. build is platform dependent!
2021-10-31 14:39:41,429 [Worker-84] INFO  o.e.m.c.i.embedder.EclipseLogger - Copying 0 resource
2021-10-31 14:40:58,825 [Worker-89] WARN  o.e.m.c.i.embedder.EclipseLogger - Using platform encoding (Cp1252 actually) to copy filtered resources, i.e. build is platform dependent!
2021-10-31 14:40:58,826 [Worker-89] INFO  o.e.m.c.i.embedder.EclipseLogger - Copying 0 resource
2021-10-31 14:40:58,827 [Worker-89] WARN  o.e.m.c.i.embedder.EclipseLogger - Using platform encoding (Cp1252 actually) to copy filtered resources, i.e. build is platform dependent!
2021-10-31 14:40:58,828 [Worker-89] INFO  o.e.m.c.i.embedder.EclipseLogger - Copying 0 resource
2021-10-31 14:48:28,233 [Worker-92] WARN  o.e.m.c.i.embedder.EclipseLogger - Using platform encoding (Cp1252 actually) to copy filtered resources, i.e. build is platform dependent!
2021-10-31 14:48:28,234 [Worker-92] INFO  o.e.m.c.i.embedder.EclipseLogger - Copying 0 resource
2021-10-31 14:48:28,235 [Worker-92] WARN  o.e.m.c.i.embedder.EclipseLogger - Using platform encoding (Cp1252 actually) to copy filtered resources, i.e. build is platform dependent!
2021-10-31 14:48:28,237 [Worker-92] INFO  o.e.m.c.i.embedder.EclipseLogger - Copying 0 resource
2021-10-31 14:50:06,133 [Worker-97] WARN  o.e.m.c.i.embedder.EclipseLogger - Using platform encoding (Cp1252 actually) to copy filtered resources, i.e. build is platform dependent!
2021-10-31 14:50:06,134 [Worker-97] INFO  o.e.m.c.i.embedder.EclipseLogger - Copying 0 resource
2021-10-31 14:50:06,135 [Worker-97] WARN  o.e.m.c.i.embedder.EclipseLogger - Using platform encoding (Cp1252 actually) to copy filtered resources, i.e. build is platform dependent!
2021-10-31 14:50:06,136 [Worker-97] INFO  o.e.m.c.i.embedder.EclipseLogger - Copying 0 resource
2021-10-31 14:51:52,218 [Worker-97] WARN  o.e.m.c.i.embedder.EclipseLogger - Using platform encoding (Cp1252 actually) to copy filtered resources, i.e. build is platform dependent!
2021-10-31 14:51:52,219 [Worker-97] INFO  o.e.m.c.i.embedder.EclipseLogger - Copying 0 resource
2021-10-31 14:51:52,220 [Worker-97] WARN  o.e.m.c.i.embedder.EclipseLogger - Using platform encoding (Cp1252 actually) to copy filtered resources, i.e. build is platform dependent!
2021-10-31 14:51:52,222 [Worker-97] INFO  o.e.m.c.i.embedder.EclipseLogger - Copying 0 resource
2021-10-31 14:56:10,358 [Worker-99] WARN  o.e.m.c.i.embedder.EclipseLogger - Using platform encoding (Cp1252 actually) to copy filtered resources, i.e. build is platform dependent!
2021-10-31 14:56:10,359 [Worker-99] INFO  o.e.m.c.i.embedder.EclipseLogger - Copying 0 resource
2021-10-31 14:56:10,360 [Worker-99] WARN  o.e.m.c.i.embedder.EclipseLogger - Using platform encoding (Cp1252 actually) to copy filtered resources, i.e. build is platform dependent!
2021-10-31 14:56:10,360 [Worker-99] INFO  o.e.m.c.i.embedder.EclipseLogger - Copying 0 resource
2021-10-31 14:57:00,331 [Worker-98] WARN  o.e.m.c.i.embedder.EclipseLogger - Using platform encoding (Cp1252 actually) to copy filtered resources, i.e. build is platform dependent!
2021-10-31 14:57:00,332 [Worker-98] INFO  o.e.m.c.i.embedder.EclipseLogger - Copying 0 resource
2021-10-31 14:57:00,333 [Worker-98] WARN  o.e.m.c.i.embedder.EclipseLogger - Using platform encoding (Cp1252 actually) to copy filtered resources, i.e. build is platform dependent!
2021-10-31 14:57:00,334 [Worker-98] INFO  o.e.m.c.i.embedder.EclipseLogger - Copying 0 resource
2021-10-31 15:01:30,711 [Worker-107] WARN  o.e.m.c.i.embedder.EclipseLogger - Using platform encoding (Cp1252 actually) to copy filtered resources, i.e. build is platform dependent!
2021-10-31 15:01:30,712 [Worker-107] INFO  o.e.m.c.i.embedder.EclipseLogger - Copying 0 resource
2021-10-31 15:01:30,713 [Worker-107] WARN  o.e.m.c.i.embedder.EclipseLogger - Using platform encoding (Cp1252 actually) to copy filtered resources, i.e. build is platform dependent!
2021-10-31 15:01:30,715 [Worker-107] INFO  o.e.m.c.i.embedder.EclipseLogger - Copying 0 resource
2021-10-31 15:19:30,181 [Worker-114] WARN  o.e.m.c.i.embedder.EclipseLogger - Using platform encoding (Cp1252 actually) to copy filtered resources, i.e. build is platform dependent!
2021-10-31 15:19:30,182 [Worker-114] INFO  o.e.m.c.i.embedder.EclipseLogger - Copying 0 resource
2021-10-31 15:19:30,183 [Worker-114] WARN  o.e.m.c.i.embedder.EclipseLogger - Using platform encoding (Cp1252 actually) to copy filtered resources, i.e. build is platform dependent!
2021-10-31 15:19:30,183 [Worker-114] INFO  o.e.m.c.i.embedder.EclipseLogger - Copying 0 resource
2021-10-31 15:24:43,655 [Worker-121] WARN  o.e.m.c.i.embedder.EclipseLogger - Using platform encoding (Cp1252 actually) to copy filtered resources, i.e. build is platform dependent!
2021-10-31 15:24:43,656 [Worker-121] INFO  o.e.m.c.i.embedder.EclipseLogger - Copying 0 resource
2021-10-31 15:24:43,658 [Worker-121] WARN  o.e.m.c.i.embedder.EclipseLogger - Using platform encoding (Cp1252 actually) to copy filtered resources, i.e. build is platform dependent!
2021-10-31 15:24:43,659 [Worker-121] INFO  o.e.m.c.i.embedder.EclipseLogger - Copying 0 resource
2021-10-31 15:26:49,289 [Worker-123] WARN  o.e.m.c.i.embedder.EclipseLogger - Using platform encoding (Cp1252 actually) to copy filtered resources, i.e. build is platform dependent!
2021-10-31 15:26:49,290 [Worker-123] INFO  o.e.m.c.i.embedder.EclipseLogger - Copying 0 resource
2021-10-31 15:26:49,291 [Worker-123] WARN  o.e.m.c.i.embedder.EclipseLogger - Using platform encoding (Cp1252 actually) to copy filtered resources, i.e. build is platform dependent!
2021-10-31 15:26:49,292 [Worker-123] INFO  o.e.m.c.i.embedder.EclipseLogger - Copying 0 resource
2021-10-31 15:32:07,942 [Worker-120] WARN  o.e.m.c.i.embedder.EclipseLogger - Using platform encoding (Cp1252 actually) to copy filtered resources, i.e. build is platform dependent!
2021-10-31 15:32:07,943 [Worker-120] INFO  o.e.m.c.i.embedder.EclipseLogger - Copying 0 resource
2021-10-31 15:32:07,944 [Worker-120] WARN  o.e.m.c.i.embedder.EclipseLogger - Using platform encoding (Cp1252 actually) to copy filtered resources, i.e. build is platform dependent!
2021-10-31 15:32:07,945 [Worker-120] INFO  o.e.m.c.i.embedder.EclipseLogger - Copying 0 resource
2021-10-31 18:26:48,545 [Worker-203] WARN  o.e.m.c.i.embedder.EclipseLogger - Using platform encoding (Cp1252 actually) to copy filtered resources, i.e. build is platform dependent!
2021-10-31 18:26:48,547 [Worker-203] INFO  o.e.m.c.i.embedder.EclipseLogger - Copying 0 resource
2021-10-31 18:26:48,549 [Worker-203] WARN  o.e.m.c.i.embedder.EclipseLogger - Using platform encoding (Cp1252 actually) to copy filtered resources, i.e. build is platform dependent!
2021-10-31 18:26:48,551 [Worker-203] INFO  o.e.m.c.i.embedder.EclipseLogger - Copying 0 resource
2021-10-31 19:06:42,419 [Worker-229] WARN  o.e.m.c.i.embedder.EclipseLogger - Using platform encoding (Cp1252 actually) to copy filtered resources, i.e. build is platform dependent!
2021-10-31 19:06:42,421 [Worker-229] INFO  o.e.m.c.i.embedder.EclipseLogger - Copying 0 resource
2021-10-31 19:06:42,422 [Worker-229] WARN  o.e.m.c.i.embedder.EclipseLogger - Using platform encoding (Cp1252 actually) to copy filtered resources, i.e. build is platform dependent!
2021-10-31 19:06:42,436 [Worker-229] INFO  o.e.m.c.i.embedder.EclipseLogger - Copying 0 resource
2021-10-31 19:11:54,163 [Worker-233] WARN  o.e.m.c.i.embedder.EclipseLogger - Using platform encoding (Cp1252 actually) to copy filtered resources, i.e. build is platform dependent!
2021-10-31 19:11:54,164 [Worker-233] INFO  o.e.m.c.i.embedder.EclipseLogger - Copying 0 resource
2021-10-31 19:11:54,165 [Worker-233] WARN  o.e.m.c.i.embedder.EclipseLogger - Using platform encoding (Cp1252 actually) to copy filtered resources, i.e. build is platform dependent!
2021-10-31 19:11:54,166 [Worker-233] INFO  o.e.m.c.i.embedder.EclipseLogger - Copying 0 resource
2021-10-31 20:12:35,288 [Worker-269] WARN  o.e.m.c.i.embedder.EclipseLogger - Using platform encoding (Cp1252 actually) to copy filtered resources, i.e. build is platform dependent!
2021-10-31 20:12:35,291 [Worker-269] INFO  o.e.m.c.i.embedder.EclipseLogger - Copying 0 resource
2021-10-31 20:12:35,292 [Worker-269] WARN  o.e.m.c.i.embedder.EclipseLogger - Using platform encoding (Cp1252 actually) to copy filtered resources, i.e. build is platform dependent!
2021-10-31 20:12:35,294 [Worker-269] INFO  o.e.m.c.i.embedder.EclipseLogger - Copying 0 resource
2021-10-31 20:12:52,214 [Worker-269] WARN  o.e.m.c.i.embedder.EclipseLogger - Using platform encoding (Cp1252 actually) to copy filtered resources, i.e. build is platform dependent!
2021-10-31 20:12:52,216 [Worker-269] INFO  o.e.m.c.i.embedder.EclipseLogger - Copying 0 resource
2021-10-31 20:12:52,218 [Worker-269] WARN  o.e.m.c.i.embedder.EclipseLogger - Using platform encoding (Cp1252 actually) to copy filtered resources, i.e. build is platform dependent!
2021-10-31 20:12:52,220 [Worker-269] INFO  o.e.m.c.i.embedder.EclipseLogger - Copying 0 resource
2021-10-31 20:26:04,947 [Worker-273] WARN  o.e.m.c.i.embedder.EclipseLogger - Using platform encoding (Cp1252 actually) to copy filtered resources, i.e. build is platform dependent!
2021-10-31 20:26:04,948 [Worker-273] INFO  o.e.m.c.i.embedder.EclipseLogger - Copying 0 resource
2021-10-31 20:26:04,949 [Worker-273] WARN  o.e.m.c.i.embedder.EclipseLogger - Using platform encoding (Cp1252 actually) to copy filtered resources, i.e. build is platform dependent!
2021-10-31 20:26:04,950 [Worker-273] INFO  o.e.m.c.i.embedder.EclipseLogger - Copying 0 resource
2021-10-31 20:29:21,428 [Worker-279] WARN  o.e.m.c.i.embedder.EclipseLogger - Using platform encoding (Cp1252 actually) to copy filtered resources, i.e. build is platform dependent!
2021-10-31 20:29:21,429 [Worker-279] INFO  o.e.m.c.i.embedder.EclipseLogger - Copying 0 resource
2021-10-31 20:29:21,430 [Worker-279] WARN  o.e.m.c.i.embedder.EclipseLogger - Using platform encoding (Cp1252 actually) to copy filtered resources, i.e. build is platform dependent!
2021-10-31 20:29:21,431 [Worker-279] INFO  o.e.m.c.i.embedder.EclipseLogger - Copying 0 resource
2021-10-31 20:40:50,463 [Worker-282] WARN  o.e.m.c.i.embedder.EclipseLogger - Using platform encoding (Cp1252 actually) to copy filtered resources, i.e. build is platform dependent!
2021-10-31 20:40:50,464 [Worker-282] INFO  o.e.m.c.i.embedder.EclipseLogger - Copying 0 resource
2021-10-31 20:40:50,465 [Worker-282] WARN  o.e.m.c.i.embedder.EclipseLogger - Using platform encoding (Cp1252 actually) to copy filtered resources, i.e. build is platform dependent!
2021-10-31 20:40:50,465 [Worker-282] INFO  o.e.m.c.i.embedder.EclipseLogger - Copying 0 resource
2021-10-31 20:51:11,762 [Worker-290] WARN  o.e.m.c.i.embedder.EclipseLogger - Using platform encoding (Cp1252 actually) to copy filtered resources, i.e. build is platform dependent!
2021-10-31 20:51:11,762 [Worker-290] INFO  o.e.m.c.i.embedder.EclipseLogger - Copying 0 resource
2021-10-31 20:51:11,763 [Worker-290] WARN  o.e.m.c.i.embedder.EclipseLogger - Using platform encoding (Cp1252 actually) to copy filtered resources, i.e. build is platform dependent!
2021-10-31 20:51:11,764 [Worker-290] INFO  o.e.m.c.i.embedder.EclipseLogger - Copying 0 resource
2021-10-31 21:10:50,602 [Worker-304] WARN  o.e.m.c.i.embedder.EclipseLogger - Using platform encoding (Cp1252 actually) to copy filtered resources, i.e. build is platform dependent!
2021-10-31 21:10:50,618 [Worker-304] INFO  o.e.m.c.i.embedder.EclipseLogger - Copying 0 resource
2021-10-31 21:10:50,620 [Worker-304] WARN  o.e.m.c.i.embedder.EclipseLogger - Using platform encoding (Cp1252 actually) to copy filtered resources, i.e. build is platform dependent!
2021-10-31 21:10:50,622 [Worker-304] INFO  o.e.m.c.i.embedder.EclipseLogger - Copying 0 resource
2021-10-31 21:32:15,249 [Worker-6] WARN  o.e.m.c.i.embedder.EclipseLogger - Using platform encoding (Cp1252 actually) to copy filtered resources, i.e. build is platform dependent!
2021-10-31 21:32:15,259 [Worker-6] INFO  o.e.m.c.i.embedder.EclipseLogger - Copying 0 resource
2021-10-31 21:32:15,262 [Worker-6] WARN  o.e.m.c.i.embedder.EclipseLogger - Using platform encoding (Cp1252 actually) to copy filtered resources, i.e. build is platform dependent!
2021-10-31 21:32:15,263 [Worker-6] INFO  o.e.m.c.i.embedder.EclipseLogger - Copying 0 resource
2021-10-31 21:46:40,751 [Worker-19] WARN  o.e.r.models.ModelRepository - Failed to download org.eclipse.recommenders:index::zip:0.0.0
org.eclipse.aether.resolution.ArtifactResolutionException: Could not find artifact org.eclipse.recommenders:index:zip:0.0.0-SNAPSHOT in models (http://download.eclipse.org/recommenders/models/neon/)
	at org.eclipse.aether.internal.impl.DefaultArtifactResolver.resolve(DefaultArtifactResolver.java:444) ~[na:na]
	at org.eclipse.aether.internal.impl.DefaultArtifactResolver.resolveArtifacts(DefaultArtifactResolver.java:246) ~[na:na]
	at org.eclipse.aether.internal.impl.DefaultArtifactResolver.resolveArtifact(DefaultArtifactResolver.java:223) ~[na:na]
	at org.eclipse.aether.internal.impl.DefaultRepositorySystem.resolveArtifact(DefaultRepositorySystem.java:294) ~[na:na]
	at org.eclipse.recommenders.models.ModelRepository.resolveInternal(ModelRepository.java:193) [org.eclipse.recommenders.models_2.4.6.v20170307-1041.jar:na]
	at org.eclipse.recommenders.models.ModelRepository.resolve(ModelRepository.java:172) [org.eclipse.recommenders.models_2.4.6.v20170307-1041.jar:na]
	at org.eclipse.recommenders.internal.models.rcp.EclipseModelRepository.resolve(EclipseModelRepository.java:169) [org.eclipse.recommenders.models.rcp_2.4.6.v20170307-1041.jar:na]
	at org.eclipse.recommenders.internal.models.rcp.DownloadModelArchiveJob.run(DownloadModelArchiveJob.java:76) [org.eclipse.recommenders.models.rcp_2.4.6.v20170307-1041.jar:na]
	at org.eclipse.core.internal.jobs.Worker.run(Worker.java:55) [org.eclipse.core.jobs_3.8.0.v20160509-0411.jar:na]
Caused by: org.eclipse.aether.transfer.ArtifactNotFoundException: Could not find artifact org.eclipse.recommenders:index:zip:0.0.0-SNAPSHOT in models (http://download.eclipse.org/recommenders/models/neon/)
	at org.eclipse.aether.connector.basic.ArtifactTransportListener.transferFailed(ArtifactTransportListener.java:39) ~[org.eclipse.aether.connector.basic_1.0.1.v20141111.jar:na]
	at org.eclipse.aether.connector.basic.BasicRepositoryConnector$TaskRunner.run(BasicRepositoryConnector.java:355) ~[org.eclipse.aether.connector.basic_1.0.1.v20141111.jar:na]
	at org.eclipse.aether.util.concurrency.RunnableErrorForwarder$1.run(RunnableErrorForwarder.java:67) ~[na:na]
	at org.eclipse.aether.connector.basic.BasicRepositoryConnector$DirectExecutor.execute(BasicRepositoryConnector.java:581) ~[org.eclipse.aether.connector.basic_1.0.1.v20141111.jar:na]
	at org.eclipse.aether.connector.basic.BasicRepositoryConnector.get(BasicRepositoryConnector.java:249) ~[org.eclipse.aether.connector.basic_1.0.1.v20141111.jar:na]
	at org.eclipse.aether.internal.impl.DefaultArtifactResolver.performDownloads(DefaultArtifactResolver.java:520) ~[na:na]
	at org.eclipse.aether.internal.impl.DefaultArtifactResolver.resolve(DefaultArtifactResolver.java:421) ~[na:na]
	... 8 common frames omitted
2021-10-31 21:50:10,294 [Worker-6] WARN  o.e.m.c.i.embedder.EclipseLogger - Using platform encoding (Cp1252 actually) to copy filtered resources, i.e. build is platform dependent!
2021-10-31 21:50:10,298 [Worker-6] INFO  o.e.m.c.i.embedder.EclipseLogger - Copying 0 resource
2021-10-31 21:50:10,303 [Worker-6] WARN  o.e.m.c.i.embedder.EclipseLogger - Using platform encoding (Cp1252 actually) to copy filtered resources, i.e. build is platform dependent!
2021-10-31 21:50:10,317 [Worker-6] INFO  o.e.m.c.i.embedder.EclipseLogger - Copying 0 resource
2021-10-31 21:51:26,986 [Worker-23] WARN  o.e.m.c.i.embedder.EclipseLogger - Using platform encoding (Cp1252 actually) to copy filtered resources, i.e. build is platform dependent!
2021-10-31 21:51:26,987 [Worker-23] INFO  o.e.m.c.i.embedder.EclipseLogger - Copying 0 resource
2021-10-31 21:51:26,989 [Worker-23] WARN  o.e.m.c.i.embedder.EclipseLogger - Using platform encoding (Cp1252 actually) to copy filtered resources, i.e. build is platform dependent!
2021-10-31 21:51:26,990 [Worker-23] INFO  o.e.m.c.i.embedder.EclipseLogger - Copying 0 resource
2021-10-31 21:53:45,638 [Worker-24] WARN  o.e.m.c.i.embedder.EclipseLogger - Using platform encoding (Cp1252 actually) to copy filtered resources, i.e. build is platform dependent!
2021-10-31 21:53:45,641 [Worker-24] INFO  o.e.m.c.i.embedder.EclipseLogger - Copying 0 resource
2021-10-31 21:53:45,643 [Worker-24] WARN  o.e.m.c.i.embedder.EclipseLogger - Using platform encoding (Cp1252 actually) to copy filtered resources, i.e. build is platform dependent!
2021-10-31 21:53:45,646 [Worker-24] INFO  o.e.m.c.i.embedder.EclipseLogger - Copying 0 resource
2021-10-31 21:57:28,322 [Worker-6] WARN  o.e.m.c.i.embedder.EclipseLogger - Using platform encoding (Cp1252 actually) to copy filtered resources, i.e. build is platform dependent!
2021-10-31 21:57:28,324 [Worker-6] INFO  o.e.m.c.i.embedder.EclipseLogger - Copying 0 resource
2021-10-31 21:57:28,325 [Worker-6] WARN  o.e.m.c.i.embedder.EclipseLogger - Using platform encoding (Cp1252 actually) to copy filtered resources, i.e. build is platform dependent!
2021-10-31 21:57:28,327 [Worker-6] INFO  o.e.m.c.i.embedder.EclipseLogger - Copying 0 resource
2021-10-31 22:03:16,647 [Worker-25] WARN  o.e.m.c.i.embedder.EclipseLogger - Using platform encoding (Cp1252 actually) to copy filtered resources, i.e. build is platform dependent!
2021-10-31 22:03:16,648 [Worker-25] INFO  o.e.m.c.i.embedder.EclipseLogger - Copying 0 resource
2021-10-31 22:03:16,649 [Worker-25] WARN  o.e.m.c.i.embedder.EclipseLogger - Using platform encoding (Cp1252 actually) to copy filtered resources, i.e. build is platform dependent!
2021-10-31 22:03:16,650 [Worker-25] INFO  o.e.m.c.i.embedder.EclipseLogger - Copying 0 resource
2021-10-31 22:07:08,639 [Worker-24] WARN  o.e.m.c.i.embedder.EclipseLogger - Using platform encoding (Cp1252 actually) to copy filtered resources, i.e. build is platform dependent!
2021-10-31 22:07:08,639 [Worker-24] INFO  o.e.m.c.i.embedder.EclipseLogger - Copying 0 resource
2021-10-31 22:07:08,641 [Worker-24] WARN  o.e.m.c.i.embedder.EclipseLogger - Using platform encoding (Cp1252 actually) to copy filtered resources, i.e. build is platform dependent!
2021-10-31 22:07:08,642 [Worker-24] INFO  o.e.m.c.i.embedder.EclipseLogger - Copying 0 resource
2021-10-31 22:09:33,885 [Worker-22] WARN  o.e.m.c.i.embedder.EclipseLogger - Using platform encoding (Cp1252 actually) to copy filtered resources, i.e. build is platform dependent!
2021-10-31 22:09:33,886 [Worker-22] INFO  o.e.m.c.i.embedder.EclipseLogger - Copying 0 resource
2021-10-31 22:09:33,890 [Worker-22] WARN  o.e.m.c.i.embedder.EclipseLogger - Using platform encoding (Cp1252 actually) to copy filtered resources, i.e. build is platform dependent!
2021-10-31 22:09:33,891 [Worker-22] INFO  o.e.m.c.i.embedder.EclipseLogger - Copying 0 resource
2021-10-31 22:14:52,297 [Worker-27] WARN  o.e.m.c.i.embedder.EclipseLogger - Using platform encoding (Cp1252 actually) to copy filtered resources, i.e. build is platform dependent!
2021-10-31 22:14:52,298 [Worker-27] INFO  o.e.m.c.i.embedder.EclipseLogger - Copying 0 resource
2021-10-31 22:14:52,299 [Worker-27] WARN  o.e.m.c.i.embedder.EclipseLogger - Using platform encoding (Cp1252 actually) to copy filtered resources, i.e. build is platform dependent!
2021-10-31 22:14:52,301 [Worker-27] INFO  o.e.m.c.i.embedder.EclipseLogger - Copying 0 resource
2021-10-31 22:18:04,194 [Worker-36] WARN  o.e.m.c.i.embedder.EclipseLogger - Using platform encoding (Cp1252 actually) to copy filtered resources, i.e. build is platform dependent!
2021-10-31 22:18:04,195 [Worker-36] INFO  o.e.m.c.i.embedder.EclipseLogger - Copying 0 resource
2021-10-31 22:18:04,197 [Worker-36] WARN  o.e.m.c.i.embedder.EclipseLogger - Using platform encoding (Cp1252 actually) to copy filtered resources, i.e. build is platform dependent!
2021-10-31 22:18:04,198 [Worker-36] INFO  o.e.m.c.i.embedder.EclipseLogger - Copying 0 resource
2021-10-31 22:20:58,978 [Worker-38] WARN  o.e.m.c.i.embedder.EclipseLogger - Using platform encoding (Cp1252 actually) to copy filtered resources, i.e. build is platform dependent!
2021-10-31 22:20:58,980 [Worker-38] INFO  o.e.m.c.i.embedder.EclipseLogger - Copying 0 resource
2021-10-31 22:20:58,985 [Worker-38] WARN  o.e.m.c.i.embedder.EclipseLogger - Using platform encoding (Cp1252 actually) to copy filtered resources, i.e. build is platform dependent!
2021-10-31 22:20:58,987 [Worker-38] INFO  o.e.m.c.i.embedder.EclipseLogger - Copying 0 resource
2021-10-31 22:24:55,049 [Worker-39] WARN  o.e.m.c.i.embedder.EclipseLogger - Using platform encoding (Cp1252 actually) to copy filtered resources, i.e. build is platform dependent!
2021-10-31 22:24:55,050 [Worker-39] INFO  o.e.m.c.i.embedder.EclipseLogger - Copying 0 resource
2021-10-31 22:24:55,052 [Worker-39] WARN  o.e.m.c.i.embedder.EclipseLogger - Using platform encoding (Cp1252 actually) to copy filtered resources, i.e. build is platform dependent!
2021-10-31 22:24:55,054 [Worker-39] INFO  o.e.m.c.i.embedder.EclipseLogger - Copying 0 resource
2021-10-31 22:26:47,443 [Worker-38] WARN  o.e.m.c.i.embedder.EclipseLogger - Using platform encoding (Cp1252 actually) to copy filtered resources, i.e. build is platform dependent!
2021-10-31 22:26:47,444 [Worker-38] INFO  o.e.m.c.i.embedder.EclipseLogger - Copying 0 resource
2021-10-31 22:26:47,446 [Worker-38] WARN  o.e.m.c.i.embedder.EclipseLogger - Using platform encoding (Cp1252 actually) to copy filtered resources, i.e. build is platform dependent!
2021-10-31 22:26:47,448 [Worker-38] INFO  o.e.m.c.i.embedder.EclipseLogger - Copying 0 resource
2021-10-31 23:58:41,143 [Worker-70] WARN  o.e.m.c.i.embedder.EclipseLogger - Using platform encoding (Cp1252 actually) to copy filtered resources, i.e. build is platform dependent!
2021-10-31 23:58:41,148 [Worker-70] INFO  o.e.m.c.i.embedder.EclipseLogger - Copying 0 resource
2021-10-31 23:58:41,150 [Worker-70] WARN  o.e.m.c.i.embedder.EclipseLogger - Using platform encoding (Cp1252 actually) to copy filtered resources, i.e. build is platform dependent!
2021-10-31 23:58:41,152 [Worker-70] INFO  o.e.m.c.i.embedder.EclipseLogger - Copying 0 resource
2021-11-01 00:01:08,436 [Worker-79] WARN  o.e.m.c.i.embedder.EclipseLogger - Using platform encoding (Cp1252 actually) to copy filtered resources, i.e. build is platform dependent!
2021-11-01 00:01:08,438 [Worker-79] INFO  o.e.m.c.i.embedder.EclipseLogger - Copying 0 resource
2021-11-01 00:01:08,439 [Worker-79] WARN  o.e.m.c.i.embedder.EclipseLogger - Using platform encoding (Cp1252 actually) to copy filtered resources, i.e. build is platform dependent!
2021-11-01 00:01:08,441 [Worker-79] INFO  o.e.m.c.i.embedder.EclipseLogger - Copying 0 resource
2021-11-01 00:07:26,389 [Worker-83] WARN  o.e.m.c.i.embedder.EclipseLogger - Using platform encoding (Cp1252 actually) to copy filtered resources, i.e. build is platform dependent!
2021-11-01 00:07:26,390 [Worker-83] INFO  o.e.m.c.i.embedder.EclipseLogger - Copying 0 resource
2021-11-01 00:07:26,392 [Worker-83] WARN  o.e.m.c.i.embedder.EclipseLogger - Using platform encoding (Cp1252 actually) to copy filtered resources, i.e. build is platform dependent!
2021-11-01 00:07:26,394 [Worker-83] INFO  o.e.m.c.i.embedder.EclipseLogger - Copying 0 resource
2021-11-01 00:07:53,817 [Worker-83] WARN  o.e.m.c.i.embedder.EclipseLogger - Using platform encoding (Cp1252 actually) to copy filtered resources, i.e. build is platform dependent!
2021-11-01 00:07:53,818 [Worker-83] INFO  o.e.m.c.i.embedder.EclipseLogger - Copying 0 resource
2021-11-01 00:07:53,820 [Worker-83] WARN  o.e.m.c.i.embedder.EclipseLogger - Using platform encoding (Cp1252 actually) to copy filtered resources, i.e. build is platform dependent!
2021-11-01 00:07:53,821 [Worker-83] INFO  o.e.m.c.i.embedder.EclipseLogger - Copying 0 resource
2021-11-01 00:12:05,661 [Worker-79] WARN  o.e.m.c.i.embedder.EclipseLogger - Using platform encoding (Cp1252 actually) to copy filtered resources, i.e. build is platform dependent!
2021-11-01 00:12:05,662 [Worker-79] INFO  o.e.m.c.i.embedder.EclipseLogger - Copying 0 resource
2021-11-01 00:12:05,664 [Worker-79] WARN  o.e.m.c.i.embedder.EclipseLogger - Using platform encoding (Cp1252 actually) to copy filtered resources, i.e. build is platform dependent!
2021-11-01 00:12:05,666 [Worker-79] INFO  o.e.m.c.i.embedder.EclipseLogger - Copying 0 resource
2021-11-01 00:13:39,337 [Worker-86] WARN  o.e.m.c.i.embedder.EclipseLogger - Using platform encoding (Cp1252 actually) to copy filtered resources, i.e. build is platform dependent!
2021-11-01 00:13:39,337 [Worker-86] INFO  o.e.m.c.i.embedder.EclipseLogger - Copying 0 resource
2021-11-01 00:13:39,338 [Worker-86] WARN  o.e.m.c.i.embedder.EclipseLogger - Using platform encoding (Cp1252 actually) to copy filtered resources, i.e. build is platform dependent!
2021-11-01 00:13:39,339 [Worker-86] INFO  o.e.m.c.i.embedder.EclipseLogger - Copying 0 resource
2021-11-01 00:19:27,105 [Worker-89] WARN  o.e.m.c.i.embedder.EclipseLogger - Using platform encoding (Cp1252 actually) to copy filtered resources, i.e. build is platform dependent!
2021-11-01 00:19:27,108 [Worker-89] INFO  o.e.m.c.i.embedder.EclipseLogger - Copying 0 resource
2021-11-01 00:19:27,110 [Worker-89] WARN  o.e.m.c.i.embedder.EclipseLogger - Using platform encoding (Cp1252 actually) to copy filtered resources, i.e. build is platform dependent!
2021-11-01 00:19:27,112 [Worker-89] INFO  o.e.m.c.i.embedder.EclipseLogger - Copying 0 resource
2021-11-01 00:23:08,925 [Worker-86] WARN  o.e.m.c.i.embedder.EclipseLogger - Using platform encoding (Cp1252 actually) to copy filtered resources, i.e. build is platform dependent!
2021-11-01 00:23:08,926 [Worker-86] INFO  o.e.m.c.i.embedder.EclipseLogger - Copying 0 resource
2021-11-01 00:23:08,928 [Worker-86] WARN  o.e.m.c.i.embedder.EclipseLogger - Using platform encoding (Cp1252 actually) to copy filtered resources, i.e. build is platform dependent!
2021-11-01 00:23:08,930 [Worker-86] INFO  o.e.m.c.i.embedder.EclipseLogger - Copying 0 resource
2021-11-01 00:27:04,886 [Worker-87] WARN  o.e.m.c.i.embedder.EclipseLogger - Using platform encoding (Cp1252 actually) to copy filtered resources, i.e. build is platform dependent!
2021-11-01 00:27:04,887 [Worker-87] INFO  o.e.m.c.i.embedder.EclipseLogger - Copying 0 resource
2021-11-01 00:27:04,888 [Worker-87] WARN  o.e.m.c.i.embedder.EclipseLogger - Using platform encoding (Cp1252 actually) to copy filtered resources, i.e. build is platform dependent!
2021-11-01 00:27:04,889 [Worker-87] INFO  o.e.m.c.i.embedder.EclipseLogger - Copying 0 resource
2021-11-01 00:28:13,348 [Worker-87] WARN  o.e.m.c.i.embedder.EclipseLogger - Using platform encoding (Cp1252 actually) to copy filtered resources, i.e. build is platform dependent!
2021-11-01 00:28:13,349 [Worker-87] INFO  o.e.m.c.i.embedder.EclipseLogger - Copying 0 resource
2021-11-01 00:28:13,350 [Worker-87] WARN  o.e.m.c.i.embedder.EclipseLogger - Using platform encoding (Cp1252 actually) to copy filtered resources, i.e. build is platform dependent!
2021-11-01 00:28:13,351 [Worker-87] INFO  o.e.m.c.i.embedder.EclipseLogger - Copying 0 resource
2021-11-01 00:39:47,983 [Worker-91] WARN  o.e.m.c.i.embedder.EclipseLogger - Using platform encoding (Cp1252 actually) to copy filtered resources, i.e. build is platform dependent!
2021-11-01 00:39:47,984 [Worker-91] INFO  o.e.m.c.i.embedder.EclipseLogger - Copying 0 resource
2021-11-01 00:39:47,985 [Worker-91] WARN  o.e.m.c.i.embedder.EclipseLogger - Using platform encoding (Cp1252 actually) to copy filtered resources, i.e. build is platform dependent!
2021-11-01 00:39:47,985 [Worker-91] INFO  o.e.m.c.i.embedder.EclipseLogger - Copying 0 resource
2021-11-01 00:40:45,613 [Worker-87] WARN  o.e.m.c.i.embedder.EclipseLogger - Using platform encoding (Cp1252 actually) to copy filtered resources, i.e. build is platform dependent!
2021-11-01 00:40:45,614 [Worker-87] INFO  o.e.m.c.i.embedder.EclipseLogger - Copying 0 resource
2021-11-01 00:40:45,615 [Worker-87] WARN  o.e.m.c.i.embedder.EclipseLogger - Using platform encoding (Cp1252 actually) to copy filtered resources, i.e. build is platform dependent!
2021-11-01 00:40:45,617 [Worker-87] INFO  o.e.m.c.i.embedder.EclipseLogger - Copying 0 resource
2021-11-01 00:46:36,095 [Worker-91] WARN  o.e.m.c.i.embedder.EclipseLogger - Using platform encoding (Cp1252 actually) to copy filtered resources, i.e. build is platform dependent!
2021-11-01 00:46:36,096 [Worker-91] INFO  o.e.m.c.i.embedder.EclipseLogger - Copying 0 resource
2021-11-01 00:46:36,097 [Worker-91] WARN  o.e.m.c.i.embedder.EclipseLogger - Using platform encoding (Cp1252 actually) to copy filtered resources, i.e. build is platform dependent!
2021-11-01 00:46:36,098 [Worker-91] INFO  o.e.m.c.i.embedder.EclipseLogger - Copying 0 resource
2021-11-01 01:20:32,634 [Worker-120] WARN  o.e.m.c.i.embedder.EclipseLogger - Using platform encoding (Cp1252 actually) to copy filtered resources, i.e. build is platform dependent!
2021-11-01 01:20:32,635 [Worker-120] INFO  o.e.m.c.i.embedder.EclipseLogger - Copying 0 resource
2021-11-01 01:20:32,637 [Worker-120] WARN  o.e.m.c.i.embedder.EclipseLogger - Using platform encoding (Cp1252 actually) to copy filtered resources, i.e. build is platform dependent!
2021-11-01 01:20:32,638 [Worker-120] INFO  o.e.m.c.i.embedder.EclipseLogger - Copying 0 resource
2021-11-01 01:20:43,970 [Worker-120] WARN  o.e.m.c.i.embedder.EclipseLogger - Using platform encoding (Cp1252 actually) to copy filtered resources, i.e. build is platform dependent!
2021-11-01 01:20:43,971 [Worker-120] INFO  o.e.m.c.i.embedder.EclipseLogger - Copying 0 resource
2021-11-01 01:20:43,972 [Worker-120] WARN  o.e.m.c.i.embedder.EclipseLogger - Using platform encoding (Cp1252 actually) to copy filtered resources, i.e. build is platform dependent!
2021-11-01 01:20:43,973 [Worker-120] INFO  o.e.m.c.i.embedder.EclipseLogger - Copying 0 resource
2021-11-01 02:01:44,203 [Worker-137] WARN  o.e.m.c.i.embedder.EclipseLogger - Using platform encoding (Cp1252 actually) to copy filtered resources, i.e. build is platform dependent!
2021-11-01 02:01:44,203 [Worker-137] INFO  o.e.m.c.i.embedder.EclipseLogger - Copying 0 resource
2021-11-01 02:01:44,205 [Worker-137] WARN  o.e.m.c.i.embedder.EclipseLogger - Using platform encoding (Cp1252 actually) to copy filtered resources, i.e. build is platform dependent!
2021-11-01 02:01:44,206 [Worker-137] INFO  o.e.m.c.i.embedder.EclipseLogger - Copying 0 resource
2021-11-01 02:05:06,064 [Worker-139] WARN  o.e.m.c.i.embedder.EclipseLogger - Using platform encoding (Cp1252 actually) to copy filtered resources, i.e. build is platform dependent!
2021-11-01 02:05:06,065 [Worker-139] INFO  o.e.m.c.i.embedder.EclipseLogger - Copying 0 resource
2021-11-01 02:05:06,067 [Worker-139] WARN  o.e.m.c.i.embedder.EclipseLogger - Using platform encoding (Cp1252 actually) to copy filtered resources, i.e. build is platform dependent!
2021-11-01 02:05:06,068 [Worker-139] INFO  o.e.m.c.i.embedder.EclipseLogger - Copying 0 resource
2021-11-01 02:08:15,711 [Worker-144] WARN  o.e.m.c.i.embedder.EclipseLogger - Using platform encoding (Cp1252 actually) to copy filtered resources, i.e. build is platform dependent!
2021-11-01 02:08:15,712 [Worker-144] INFO  o.e.m.c.i.embedder.EclipseLogger - Copying 0 resource
2021-11-01 02:08:15,713 [Worker-144] WARN  o.e.m.c.i.embedder.EclipseLogger - Using platform encoding (Cp1252 actually) to copy filtered resources, i.e. build is platform dependent!
2021-11-01 02:08:15,715 [Worker-144] INFO  o.e.m.c.i.embedder.EclipseLogger - Copying 0 resource
2021-11-01 12:43:13,051 [Worker-1] WARN  o.e.m.c.i.embedder.EclipseLogger - Using platform encoding (Cp1252 actually) to copy filtered resources, i.e. build is platform dependent!
2021-11-01 12:43:13,308 [Worker-1] INFO  o.e.m.c.i.embedder.EclipseLogger - Copying 0 resource
2021-11-01 12:43:13,317 [Worker-1] WARN  o.e.m.c.i.embedder.EclipseLogger - Using platform encoding (Cp1252 actually) to copy filtered resources, i.e. build is platform dependent!
2021-11-01 12:43:13,380 [Worker-1] INFO  o.e.m.c.i.embedder.EclipseLogger - Copying 0 resource
